Using pre-set license
Built from '2022.3/staging' branch; Version is '2022.3.9f1 (ea401c316338) revision 15351836'; Using compiler version '192829333'; Build Type 'Release'
OS: 'Windows 10  (10.0.19045) 64bit Core' Language: 'ko' Physical Memory: 16309 MB
BatchMode: 1, IsHumanControllingUs: 0, StartBugReporterOnCrash: 0, Is64bit: 1, IsPro: 1

COMMAND LINE ARGUMENTS:
C:\Program Files\Unity\Hub\Editor\Unity 2022.3.9f1\Editor\Unity.exe
-adb2
-batchMode
-noUpm
-name
AssetImportWorker0
-projectPath
C:/Users/user/Desktop/Cookie-Run-Copy/My project1
-logFile
Logs/AssetImportWorker0.log
-srvPort
52775
Successfully changed project path to: C:/Users/user/Desktop/Cookie-Run-Copy/My project1
C:/Users/user/Desktop/Cookie-Run-Copy/My project1
[UnityMemory] Configuration Parameters - Can be set up in boot.config
    "memorysetup-bucket-allocator-granularity=16"
    "memorysetup-bucket-allocator-bucket-count=8"
    "memorysetup-bucket-allocator-block-size=33554432"
    "memorysetup-bucket-allocator-block-count=8"
    "memorysetup-main-allocator-block-size=16777216"
    "memorysetup-thread-allocator-block-size=16777216"
    "memorysetup-gfx-main-allocator-block-size=16777216"
    "memorysetup-gfx-thread-allocator-block-size=16777216"
    "memorysetup-cache-allocator-block-size=4194304"
    "memorysetup-typetree-allocator-block-size=2097152"
    "memorysetup-profiler-bucket-allocator-granularity=16"
    "memorysetup-profiler-bucket-allocator-bucket-count=8"
    "memorysetup-profiler-bucket-allocator-block-size=33554432"
    "memorysetup-profiler-bucket-allocator-block-count=8"
    "memorysetup-profiler-allocator-block-size=16777216"
    "memorysetup-profiler-editor-allocator-block-size=1048576"
    "memorysetup-temp-allocator-size-main=16777216"
    "memorysetup-job-temp-allocator-block-size=2097152"
    "memorysetup-job-temp-allocator-block-size-background=1048576"
    "memorysetup-job-temp-allocator-reduction-small-platforms=262144"
    "memorysetup-allocator-temp-initial-block-size-main=262144"
    "memorysetup-allocator-temp-initial-block-size-worker=262144"
    "memorysetup-temp-allocator-size-background-worker=32768"
    "memorysetup-temp-allocator-size-job-worker=262144"
    "memorysetup-temp-allocator-size-preload-manager=33554432"
    "memorysetup-temp-allocator-size-nav-mesh-worker=65536"
    "memorysetup-temp-allocator-size-audio-worker=65536"
    "memorysetup-temp-allocator-size-cloud-worker=32768"
    "memorysetup-temp-allocator-size-gi-baking-worker=262144"
    "memorysetup-temp-allocator-size-gfx=262144"
Player connection [14980] Host "[IP] 192.168.0.99 [Port] 0 [Flags] 2 [Guid] 2708413229 [EditorId] 2708413229 [Version] 1048832 [Id] WindowsEditor(7,DESKTOP-6K6RB4J) [Debug] 1 [PackageName] WindowsEditor [ProjectName] Editor" joined multi-casting on [225.0.0.222:54997]...

Player connection [14980] Host "[IP] 192.168.0.99 [Port] 0 [Flags] 2 [Guid] 2708413229 [EditorId] 2708413229 [Version] 1048832 [Id] WindowsEditor(7,DESKTOP-6K6RB4J) [Debug] 1 [PackageName] WindowsEditor [ProjectName] Editor" joined alternative multi-casting on [225.0.0.222:34997]...

[Physics::Module] Initialized MultithreadedJobDispatcher with 11 workers.
Refreshing native plugins compatible for Editor in 11.23 ms, found 3 plugins.
Preloading 0 native plugins for Editor in 0.00 ms.
Initialize engine version: 2022.3.9f1 (ea401c316338)
[Subsystems] Discovering subsystems at path C:/Program Files/Unity/Hub/Editor/Unity 2022.3.9f1/Editor/Data/Resources/UnitySubsystems
[Subsystems] Discovering subsystems at path C:/Users/user/Desktop/Cookie-Run-Copy/My project1/Assets
GfxDevice: creating device client; threaded=0; jobified=0
Direct3D:
    Version:  Direct3D 11.0 [level 11.1]
    Renderer: NVIDIA GeForce RTX 3060 Ti (ID=0x2486)
    Vendor:   NVIDIA
    VRAM:     8038 MB
    Driver:   31.0.15.3699
Initialize mono
Mono path[0] = 'C:/Program Files/Unity/Hub/Editor/Unity 2022.3.9f1/Editor/Data/Managed'
Mono path[1] = 'C:/Program Files/Unity/Hub/Editor/Unity 2022.3.9f1/Editor/Data/MonoBleedingEdge/lib/mono/unityjit-win32'
Mono config path = 'C:/Program Files/Unity/Hub/Editor/Unity 2022.3.9f1/Editor/Data/MonoBleedingEdge/etc'
Using monoOptions --debugger-agent=transport=dt_socket,embedding=1,server=y,suspend=n,address=127.0.0.1:56020
Begin MonoManager ReloadAssembly
Registering precompiled unity dll's ...
Register platform support module: C:/Program Files/Unity/Hub/Editor/Unity 2022.3.9f1/Editor/Data/PlaybackEngines/WindowsStandaloneSupport/UnityEditor.WindowsStandalone.Extensions.dll
Registered in 0.013358 seconds.
- Loaded All Assemblies, in  0.514 seconds
Native extension for WindowsStandalone target not found
Mono: successfully reloaded assembly
- Finished resetting the current domain, in  0.322 seconds
Domain Reload Profiling: 833ms
	BeginReloadAssembly (183ms)
		ExecutionOrderSort (0ms)
		DisableScriptedObjects (0ms)
		BackupInstance (0ms)
		ReleaseScriptingObjects (0ms)
		CreateAndSetChildDomain (1ms)
	RebuildCommonClasses (61ms)
	RebuildNativeTypeToScriptingClass (16ms)
	initialDomainReloadingComplete (83ms)
	LoadAllAssembliesAndSetupDomain (167ms)
		LoadAssemblies (180ms)
		RebuildTransferFunctionScriptingTraits (0ms)
		AnalyzeDomain (164ms)
			TypeCache.Refresh (163ms)
				TypeCache.ScanAssembly (146ms)
			ScanForSourceGeneratedMonoScriptInfo (0ms)
			ResolveRequiredComponents (0ms)
	FinalizeReload (323ms)
		ReleaseScriptCaches (0ms)
		RebuildScriptCaches (0ms)
		SetupLoadedEditorAssemblies (251ms)
			LogAssemblyErrors (0ms)
			InitializePlatformSupportModulesInManaged (13ms)
			SetLoadedEditorAssemblies (9ms)
			RefreshPlugins (0ms)
			BeforeProcessingInitializeOnLoad (3ms)
			ProcessInitializeOnLoadAttributes (167ms)
			ProcessInitializeOnLoadMethodAttributes (60ms)
			AfterProcessingInitializeOnLoad (0ms)
			EditorAssembliesLoaded (0ms)
		ExecutionOrderSort2 (0ms)
		AwakeInstancesAfterBackupRestoration (0ms)
========================================================================
Worker process is ready to serve import requests
Begin MonoManager ReloadAssembly
- Loaded All Assemblies, in  0.813 seconds
Refreshing native plugins compatible for Editor in 3.74 ms, found 3 plugins.
Native extension for WindowsStandalone target not found
Package Manager log level set to [2]
[Package Manager] Server::EnsureServerProcessIsRunning -- launch failed, reason: Unity was launched with the -noUpm command-line argument
[Package Manager] UpmClient::Send -- Unable to send message (not connected to UPM process).
[Package Manager] Cannot connect to Unity Package Manager local server
Mono: successfully reloaded assembly
- Finished resetting the current domain, in  0.681 seconds
Domain Reload Profiling: 1489ms
	BeginReloadAssembly (192ms)
		ExecutionOrderSort (0ms)
		DisableScriptedObjects (6ms)
		BackupInstance (0ms)
		ReleaseScriptingObjects (0ms)
		CreateAndSetChildDomain (26ms)
	RebuildCommonClasses (44ms)
	RebuildNativeTypeToScriptingClass (12ms)
	initialDomainReloadingComplete (55ms)
	LoadAllAssembliesAndSetupDomain (504ms)
		LoadAssemblies (380ms)
		RebuildTransferFunctionScriptingTraits (0ms)
		AnalyzeDomain (236ms)
			TypeCache.Refresh (211ms)
				TypeCache.ScanAssembly (190ms)
			ScanForSourceGeneratedMonoScriptInfo (18ms)
			ResolveRequiredComponents (5ms)
	FinalizeReload (682ms)
		ReleaseScriptCaches (0ms)
		RebuildScriptCaches (0ms)
		SetupLoadedEditorAssemblies (503ms)
			LogAssemblyErrors (0ms)
			InitializePlatformSupportModulesInManaged (8ms)
			SetLoadedEditorAssemblies (5ms)
			RefreshPlugins (0ms)
			BeforeProcessingInitializeOnLoad (80ms)
			ProcessInitializeOnLoadAttributes (363ms)
			ProcessInitializeOnLoadMethodAttributes (36ms)
			AfterProcessingInitializeOnLoad (11ms)
			EditorAssembliesLoaded (0ms)
		ExecutionOrderSort2 (0ms)
		AwakeInstancesAfterBackupRestoration (8ms)
Launched and connected shader compiler UnityShaderCompiler.exe after 0.06 seconds
Refreshing native plugins compatible for Editor in 6.37 ms, found 3 plugins.
Preloading 0 native plugins for Editor in 0.00 ms.
Unloading 3270 Unused Serialized files (Serialized files now loaded: 0)
Unloading 38 unused Assets / (56.4 KB). Loaded Objects now: 3737.
Memory consumption went from 122.1 MB to 122.0 MB.
Total: 4.886800 ms (FindLiveObjects: 0.314500 ms CreateObjectMapping: 1.042000 ms MarkObjects: 3.196300 ms  DeleteObjects: 0.332900 ms)

AssetImportParameters requested are different than current active one (requested -> active):
  custom:container-demuxer-ogg: 62fdf1f143b41e24485cea50d1cbac27 -> 
  custom:video-decoder-ogg-theora: a1e56fd34408186e4bbccfd4996cb3dc -> 
  custom:framework-win-MediaFoundation: 216162199b28c13a410421893ffa2e32 -> 
  custom:CustomObjectIndexerAttribute: 756ad292c208cfabdd7b50bc23989ffe -> 
  custom:container-demuxer-webm: 4f35f7cbe854078d1ac9338744f61a02 -> 
  custom:container-muxer-webm: aa71ff27fc2769a1b78a27578f13a17b -> 
  custom:video-decoder-webm-vp8: 9c59270c3fd7afecdb556c50c9e8de78 -> 
  custom:SearchIndexIgnoredProperties: e643bd26f0fe6173181afceb89e7c659 -> 
  custom:AudioImporter_EditorPlatform: d09bf68614088b80899f8185d706f6e7 -> 
  custom:video-encoder-webm-vp8: eb34c28f22e8b96e1ab97ce403110664 -> 
  custom:audio-decoder-ogg-vorbis: bf7c407c2cedff20999df2af8eb42d56 -> 
  custom:audio-encoder-webm-vorbis: bf7c407c2cedff20999df2af8eb42d56 -> 
========================================================================
Received Import Request.
  Time since last request: 347964.324105 seconds.
  path: Assets/_Heathen Engineering
  artifactKey: Guid(186ce6cb82c553d468555209ec95881b) Importer(815301076,1909f56bfc062723c751e8b465ee728b)
Start importing Assets/_Heathen Engineering using Guid(186ce6cb82c553d468555209ec95881b) Importer(815301076,1909f56bfc062723c751e8b465ee728b)  -> (artifact id: '8dbf47098e87e69926881e9f25368229') in 0.002506 seconds
Number of updated asset objects reloaded before import = 0
Number of asset objects unloaded after import = 0
========================================================================
Received Import Request.
  Time since last request: 1.355146 seconds.
  path: Assets/_Heathen Engineering/Assets
  artifactKey: Guid(67bb46dfd509932429fc985052104b72) Importer(815301076,1909f56bfc062723c751e8b465ee728b)
Start importing Assets/_Heathen Engineering/Assets using Guid(67bb46dfd509932429fc985052104b72) Importer(815301076,1909f56bfc062723c751e8b465ee728b)  -> (artifact id: 'ce1c0c93edbe56e9264ce610d6292f2f') in 0.000822 seconds
Number of updated asset objects reloaded before import = 0
Number of asset objects unloaded after import = 0
========================================================================
Received Import Request.
  Time since last request: 0.845933 seconds.
  path: Assets/_Heathen Engineering/Assets/UX
  artifactKey: Guid(847642ab4c6075d4d934ce75df517885) Importer(815301076,1909f56bfc062723c751e8b465ee728b)
Start importing Assets/_Heathen Engineering/Assets/UX using Guid(847642ab4c6075d4d934ce75df517885) Importer(815301076,1909f56bfc062723c751e8b465ee728b)  -> (artifact id: '3124ea16e71260ed655f0b3485a256a1') in 0.000595 seconds
Number of updated asset objects reloaded before import = 0
Number of asset objects unloaded after import = 0
========================================================================
Received Import Request.
  Time since last request: 0.062813 seconds.
  path: Assets/_Heathen Engineering/Assets/UX/HeathenEngineering.UX.asmdef
  artifactKey: Guid(f5702ca0318eb1942af8daf18131f44d) Importer(815301076,1909f56bfc062723c751e8b465ee728b)
Start importing Assets/_Heathen Engineering/Assets/UX/HeathenEngineering.UX.asmdef using Guid(f5702ca0318eb1942af8daf18131f44d) Importer(815301076,1909f56bfc062723c751e8b465ee728b)  -> (artifact id: 'f1904801fed8005fac4129c2e5c7fe4f') in 0.000597 seconds
Number of updated asset objects reloaded before import = 0
Number of asset objects unloaded after import = 0
========================================================================
Received Import Request.
  Time since last request: 1.028772 seconds.
  path: Assets/_Heathen Engineering/Assets/UX/Icons
  artifactKey: Guid(00431337d21e1ff4f80d7e6f0761c4ee) Importer(815301076,1909f56bfc062723c751e8b465ee728b)
Start importing Assets/_Heathen Engineering/Assets/UX/Icons using Guid(00431337d21e1ff4f80d7e6f0761c4ee) Importer(815301076,1909f56bfc062723c751e8b465ee728b)  -> (artifact id: '4e0b6360f6dbe04c0cde515711bdf585') in 0.000458 seconds
Number of updated asset objects reloaded before import = 0
Number of asset objects unloaded after import = 0
========================================================================
Received Import Request.
  Time since last request: 0.953400 seconds.
  path: Assets/_Heathen Engineering/Assets/UX/Icons/Flat Icons [Free]
  artifactKey: Guid(15e6763d3d1ad8046889af0be1224f8e) Importer(815301076,1909f56bfc062723c751e8b465ee728b)
Start importing Assets/_Heathen Engineering/Assets/UX/Icons/Flat Icons [Free] using Guid(15e6763d3d1ad8046889af0be1224f8e) Importer(815301076,1909f56bfc062723c751e8b465ee728b)  -> (artifact id: '31278874a312651b918af9a8e3b67f40') in 0.000736 seconds
Number of updated asset objects reloaded before import = 0
Number of asset objects unloaded after import = 0
========================================================================
Received Import Request.
  Time since last request: 0.076609 seconds.
  path: Assets/_Heathen Engineering/Assets/UX/Icons/Flat Icons [Free]/Free Flat Arrow 1 E Icon.png
  artifactKey: Guid(b0b13fccedbbc0243acde6180912a042) Importer(815301076,1909f56bfc062723c751e8b465ee728b)
Start importing Assets/_Heathen Engineering/Assets/UX/Icons/Flat Icons [Free]/Free Flat Arrow 1 E Icon.png using Guid(b0b13fccedbbc0243acde6180912a042) Importer(815301076,1909f56bfc062723c751e8b465ee728b)  -> (artifact id: '4758792f2eba4cde8630a096d344f182') in 0.153098 seconds
Number of updated asset objects reloaded before import = 0
Number of asset objects unloaded after import = 3
========================================================================
Received Import Request.
  Time since last request: 0.000028 seconds.
  path: Assets/_Heathen Engineering/Assets/UX/Icons/Flat Icons [Free]/Free Flat Arrow 1 NE Icon.png
  artifactKey: Guid(279a7f16bcc31014ea2d1e135f042805) Importer(815301076,1909f56bfc062723c751e8b465ee728b)
Start importing Assets/_Heathen Engineering/Assets/UX/Icons/Flat Icons [Free]/Free Flat Arrow 1 NE Icon.png using Guid(279a7f16bcc31014ea2d1e135f042805) Importer(815301076,1909f56bfc062723c751e8b465ee728b)  -> (artifact id: '9e2b17bfffa19b2a518f664a599a5f60') in 0.029626 seconds
Number of updated asset objects reloaded before import = 0
Number of asset objects unloaded after import = 3
========================================================================
Received Import Request.
  Time since last request: 0.000022 seconds.
  path: Assets/_Heathen Engineering/Assets/UX/Icons/Flat Icons [Free]/Free Flat Arrow 1 S Icon.png
  artifactKey: Guid(d1c17021ca3abd240940b57bdb8a735b) Importer(815301076,1909f56bfc062723c751e8b465ee728b)
Start importing Assets/_Heathen Engineering/Assets/UX/Icons/Flat Icons [Free]/Free Flat Arrow 1 S Icon.png using Guid(d1c17021ca3abd240940b57bdb8a735b) Importer(815301076,1909f56bfc062723c751e8b465ee728b)  -> (artifact id: '046c515ac8b85a571a76d97e146ee931') in 0.038926 seconds
Number of updated asset objects reloaded before import = 0
Number of asset objects unloaded after import = 3
========================================================================
Received Import Request.
  Time since last request: 0.000013 seconds.
  path: Assets/_Heathen Engineering/Assets/UX/Icons/Flat Icons [Free]/Free Flat Arrow 4 SE Icon.png
  artifactKey: Guid(fded679b004775649be3308f6cdd4ce1) Importer(815301076,1909f56bfc062723c751e8b465ee728b)
Start importing Assets/_Heathen Engineering/Assets/UX/Icons/Flat Icons [Free]/Free Flat Arrow 4 SE Icon.png using Guid(fded679b004775649be3308f6cdd4ce1) Importer(815301076,1909f56bfc062723c751e8b465ee728b)  -> (artifact id: 'd6604740dab7164197662d1f06cd7102') in 0.031443 seconds
Number of updated asset objects reloaded before import = 0
Number of asset objects unloaded after import = 3
========================================================================
Received Import Request.
  Time since last request: 0.000019 seconds.
  path: Assets/_Heathen Engineering/Assets/UX/Icons/Flat Icons [Free]/Free Flat Arrow 2 NE Icon.png
  artifactKey: Guid(dbd95e0b0a894e24c80c1feabe91c32b) Importer(815301076,1909f56bfc062723c751e8b465ee728b)
Start importing Assets/_Heathen Engineering/Assets/UX/Icons/Flat Icons [Free]/Free Flat Arrow 2 NE Icon.png using Guid(dbd95e0b0a894e24c80c1feabe91c32b) Importer(815301076,1909f56bfc062723c751e8b465ee728b)  -> (artifact id: '1338acd79e6f0aae52052ec2e8ff1d6d') in 0.028846 seconds
Number of updated asset objects reloaded before import = 0
Number of asset objects unloaded after import = 3
========================================================================
Received Import Request.
  Time since last request: 0.000013 seconds.
  path: Assets/_Heathen Engineering/Assets/UX/Icons/Flat Icons [Free]/Free Flat Arrow 4 SW Icon.png
  artifactKey: Guid(c252b24ff5831154d8ec8eaf6aae771d) Importer(815301076,1909f56bfc062723c751e8b465ee728b)
Start importing Assets/_Heathen Engineering/Assets/UX/Icons/Flat Icons [Free]/Free Flat Arrow 4 SW Icon.png using Guid(c252b24ff5831154d8ec8eaf6aae771d) Importer(815301076,1909f56bfc062723c751e8b465ee728b)  -> (artifact id: '20b3312b57544533c8b60a3031583c5e') in 0.029289 seconds
Number of updated asset objects reloaded before import = 0
Number of asset objects unloaded after import = 3
========================================================================
Received Import Request.
  Time since last request: 0.000433 seconds.
  path: Assets/_Heathen Engineering/Assets/UX/Icons/Flat Icons [Free]/Free Flat Arrow 3 NW Icon.png
  artifactKey: Guid(0908671c4d9d28e4890451f605e68243) Importer(815301076,1909f56bfc062723c751e8b465ee728b)
Start importing Assets/_Heathen Engineering/Assets/UX/Icons/Flat Icons [Free]/Free Flat Arrow 3 NW Icon.png using Guid(0908671c4d9d28e4890451f605e68243) Importer(815301076,1909f56bfc062723c751e8b465ee728b)  -> (artifact id: '30503d391414d8db78de41da530bb382') in 0.028992 seconds
Number of updated asset objects reloaded before import = 0
Number of asset objects unloaded after import = 3
========================================================================
Received Import Request.
  Time since last request: 0.000016 seconds.
  path: Assets/_Heathen Engineering/Assets/UX/Icons/Flat Icons [Free]/Free Flat Arrow 2 SW Icon.png
  artifactKey: Guid(b986971d1c7b79f4da924287d73529da) Importer(815301076,1909f56bfc062723c751e8b465ee728b)
Start importing Assets/_Heathen Engineering/Assets/UX/Icons/Flat Icons [Free]/Free Flat Arrow 2 SW Icon.png using Guid(b986971d1c7b79f4da924287d73529da) Importer(815301076,1909f56bfc062723c751e8b465ee728b)  -> (artifact id: '3ac9ba7a41e1e62cfffc09ca6a242056') in 0.029045 seconds
Number of updated asset objects reloaded before import = 0
Number of asset objects unloaded after import = 3
========================================================================
Received Import Request.
  Time since last request: 0.000016 seconds.
  path: Assets/_Heathen Engineering/Assets/UX/Icons/Flat Icons [Free]/Free Flat Arrow 4 N Icon.png
  artifactKey: Guid(e4c4e46ba50bb604f86f4217e0f4f7dd) Importer(815301076,1909f56bfc062723c751e8b465ee728b)
Start importing Assets/_Heathen Engineering/Assets/UX/Icons/Flat Icons [Free]/Free Flat Arrow 4 N Icon.png using Guid(e4c4e46ba50bb604f86f4217e0f4f7dd) Importer(815301076,1909f56bfc062723c751e8b465ee728b)  -> (artifact id: '6bc33785f9bcd3d9c76477aa1be450ee') in 0.027139 seconds
Number of updated asset objects reloaded before import = 0
Number of asset objects unloaded after import = 3
========================================================================
Received Import Request.
  Time since last request: 0.000016 seconds.
  path: Assets/_Heathen Engineering/Assets/UX/Icons/Flat Icons [Free]/Free Flat Arrow 3 SE Icon.png
  artifactKey: Guid(d5882ef03c430c342ab211e6c2ceb253) Importer(815301076,1909f56bfc062723c751e8b465ee728b)
Start importing Assets/_Heathen Engineering/Assets/UX/Icons/Flat Icons [Free]/Free Flat Arrow 3 SE Icon.png using Guid(d5882ef03c430c342ab211e6c2ceb253) Importer(815301076,1909f56bfc062723c751e8b465ee728b)  -> (artifact id: '2cc56796fa38b66a3bf6d7fe4021640e') in 0.027438 seconds
Number of updated asset objects reloaded before import = 0
Number of asset objects unloaded after import = 3
========================================================================
Received Import Request.
  Time since last request: 0.000032 seconds.
  path: Assets/_Heathen Engineering/Assets/UX/Icons/Flat Icons [Free]/Free Flat Arrow 3 N Icon.png
  artifactKey: Guid(301fe569da9047c4988d46c1707ea4e5) Importer(815301076,1909f56bfc062723c751e8b465ee728b)
Start importing Assets/_Heathen Engineering/Assets/UX/Icons/Flat Icons [Free]/Free Flat Arrow 3 N Icon.png using Guid(301fe569da9047c4988d46c1707ea4e5) Importer(815301076,1909f56bfc062723c751e8b465ee728b)  -> (artifact id: '87ce2a276e41d0982348d5df17a488a8') in 0.028240 seconds
Number of updated asset objects reloaded before import = 0
Number of asset objects unloaded after import = 3
========================================================================
Received Import Request.
  Time since last request: 0.000016 seconds.
  path: Assets/_Heathen Engineering/Assets/UX/Icons/Flat Icons [Free]/Free Flat Arrow 3 NE Icon.png
  artifactKey: Guid(45de8653136b13c4a9ecd7a7de0558f4) Importer(815301076,1909f56bfc062723c751e8b465ee728b)
Start importing Assets/_Heathen Engineering/Assets/UX/Icons/Flat Icons [Free]/Free Flat Arrow 3 NE Icon.png using Guid(45de8653136b13c4a9ecd7a7de0558f4) Importer(815301076,1909f56bfc062723c751e8b465ee728b)  -> (artifact id: '57857a51c0bc771d691f7f2754b846ce') in 0.030518 seconds
Number of updated asset objects reloaded before import = 0
Number of asset objects unloaded after import = 3
========================================================================
Received Import Request.
  Time since last request: 0.000020 seconds.
  path: Assets/_Heathen Engineering/Assets/UX/Icons/Flat Icons [Free]/Free Flat Arrow 1 NW Icon.png
  artifactKey: Guid(374f5d9702e6f8e40b920390c6e57387) Importer(815301076,1909f56bfc062723c751e8b465ee728b)
Start importing Assets/_Heathen Engineering/Assets/UX/Icons/Flat Icons [Free]/Free Flat Arrow 1 NW Icon.png using Guid(374f5d9702e6f8e40b920390c6e57387) Importer(815301076,1909f56bfc062723c751e8b465ee728b)  -> (artifact id: '8002d216d36b10a68bee6626c1cb1394') in 0.026351 seconds
Number of updated asset objects reloaded before import = 0
Number of asset objects unloaded after import = 3
========================================================================
Received Import Request.
  Time since last request: 0.000027 seconds.
  path: Assets/_Heathen Engineering/Assets/UX/Icons/Flat Icons [Free]/Free Flat Arrow 1 SE Icon.png
  artifactKey: Guid(b32c7f736da6d414885853c4b34e31d7) Importer(815301076,1909f56bfc062723c751e8b465ee728b)
Start importing Assets/_Heathen Engineering/Assets/UX/Icons/Flat Icons [Free]/Free Flat Arrow 1 SE Icon.png using Guid(b32c7f736da6d414885853c4b34e31d7) Importer(815301076,1909f56bfc062723c751e8b465ee728b)  -> (artifact id: '85653eacbda65080da2219661129cfc3') in 0.024823 seconds
Number of updated asset objects reloaded before import = 0
Number of asset objects unloaded after import = 3
========================================================================
Received Import Request.
  Time since last request: 0.000019 seconds.
  path: Assets/_Heathen Engineering/Assets/UX/Icons/Flat Icons [Free]/Free Flat Arrow 4 NE Icon.png
  artifactKey: Guid(a718555c3c9d59846ac98a0c328a6de1) Importer(815301076,1909f56bfc062723c751e8b465ee728b)
Start importing Assets/_Heathen Engineering/Assets/UX/Icons/Flat Icons [Free]/Free Flat Arrow 4 NE Icon.png using Guid(a718555c3c9d59846ac98a0c328a6de1) Importer(815301076,1909f56bfc062723c751e8b465ee728b)  -> (artifact id: '7366096f52dfd1f7924b2381c30b5928') in 0.025894 seconds
Number of updated asset objects reloaded before import = 0
Number of asset objects unloaded after import = 3
========================================================================
Received Import Request.
  Time since last request: 0.000014 seconds.
  path: Assets/_Heathen Engineering/Assets/UX/Icons/Flat Icons [Free]/Free Flat Arrow 3 W Icon.png
  artifactKey: Guid(91f687269d00d8548a0c2a0e7e4736e1) Importer(815301076,1909f56bfc062723c751e8b465ee728b)
Start importing Assets/_Heathen Engineering/Assets/UX/Icons/Flat Icons [Free]/Free Flat Arrow 3 W Icon.png using Guid(91f687269d00d8548a0c2a0e7e4736e1) Importer(815301076,1909f56bfc062723c751e8b465ee728b)  -> (artifact id: '0f72a43f58ae5b12225614db4b1c0b76') in 0.025466 seconds
Number of updated asset objects reloaded before import = 0
Number of asset objects unloaded after import = 3
========================================================================
Received Import Request.
  Time since last request: 0.000025 seconds.
  path: Assets/_Heathen Engineering/Assets/UX/Icons/Flat Icons [Free]/Free Flat Arrow 4 W Icon.png
  artifactKey: Guid(539a4c67d1d328e4ab6c8f533d26a90b) Importer(815301076,1909f56bfc062723c751e8b465ee728b)
Start importing Assets/_Heathen Engineering/Assets/UX/Icons/Flat Icons [Free]/Free Flat Arrow 4 W Icon.png using Guid(539a4c67d1d328e4ab6c8f533d26a90b) Importer(815301076,1909f56bfc062723c751e8b465ee728b)  -> (artifact id: '7d38aec6f9cf79b41ce6936acc8f16ce') in 0.023209 seconds
Number of updated asset objects reloaded before import = 0
Number of asset objects unloaded after import = 3
========================================================================
Received Import Request.
  Time since last request: 35.781293 seconds.
  path: Assets/_Heathen Engineering/Assets/Common/Images/Heathen Corporate/Heathen Logo With FullName.png
  artifactKey: Guid(cf617b713155f6941bab066aab8710ef) Importer(815301076,1909f56bfc062723c751e8b465ee728b)
Start importing Assets/_Heathen Engineering/Assets/Common/Images/Heathen Corporate/Heathen Logo With FullName.png using Guid(cf617b713155f6941bab066aab8710ef) Importer(815301076,1909f56bfc062723c751e8b465ee728b)  -> (artifact id: '294c2bcee5f038ea851b9587aec8b9a9') in 0.037057 seconds
Number of updated asset objects reloaded before import = 0
Number of asset objects unloaded after import = 2
========================================================================
Received Prepare
Begin MonoManager ReloadAssembly
- Loaded All Assemblies, in  0.576 seconds
Refreshing native plugins compatible for Editor in 3.92 ms, found 3 plugins.
Native extension for WindowsStandalone target not found
[Package Manager] Server::EnsureServerProcessIsRunning -- launch failed, reason: Unity was launched with the -noUpm command-line argument
[Package Manager] UpmClient::Send -- Unable to send message (not connected to UPM process).
[Package Manager] Cannot connect to Unity Package Manager local server
Mono: successfully reloaded assembly
- Finished resetting the current domain, in  1.044 seconds
Domain Reload Profiling: 1614ms
	BeginReloadAssembly (186ms)
		ExecutionOrderSort (0ms)
		DisableScriptedObjects (9ms)
		BackupInstance (0ms)
		ReleaseScriptingObjects (0ms)
		CreateAndSetChildDomain (39ms)
	RebuildCommonClasses (40ms)
	RebuildNativeTypeToScriptingClass (15ms)
	initialDomainReloadingComplete (40ms)
	LoadAllAssembliesAndSetupDomain (287ms)
		LoadAssemblies (364ms)
		RebuildTransferFunctionScriptingTraits (0ms)
		AnalyzeDomain (26ms)
			TypeCache.Refresh (10ms)
				TypeCache.ScanAssembly (1ms)
			ScanForSourceGeneratedMonoScriptInfo (9ms)
			ResolveRequiredComponents (6ms)
	FinalizeReload (1045ms)
		ReleaseScriptCaches (0ms)
		RebuildScriptCaches (0ms)
		SetupLoadedEditorAssemblies (423ms)
			LogAssemblyErrors (0ms)
			InitializePlatformSupportModulesInManaged (8ms)
			SetLoadedEditorAssemblies (5ms)
			RefreshPlugins (0ms)
			BeforeProcessingInitializeOnLoad (78ms)
			ProcessInitializeOnLoadAttributes (289ms)
			ProcessInitializeOnLoadMethodAttributes (33ms)
			AfterProcessingInitializeOnLoad (10ms)
			EditorAssembliesLoaded (0ms)
		ExecutionOrderSort2 (0ms)
		AwakeInstancesAfterBackupRestoration (7ms)
Refreshing native plugins compatible for Editor in 7.77 ms, found 3 plugins.
Preloading 0 native plugins for Editor in 0.00 ms.
Unloading 3248 Unused Serialized files (Serialized files now loaded: 0)
Unloading 26 unused Assets / (31.1 KB). Loaded Objects now: 3745.
Memory consumption went from 122.3 MB to 122.3 MB.
Total: 6.087400 ms (FindLiveObjects: 0.354300 ms CreateObjectMapping: 0.252400 ms MarkObjects: 5.410400 ms  DeleteObjects: 0.069300 ms)

Prepare: number of updated asset objects reloaded= 0
AssetImportParameters requested are different than current active one (requested -> active):
  custom:container-demuxer-ogg: 62fdf1f143b41e24485cea50d1cbac27 -> 
  custom:video-decoder-ogg-theora: a1e56fd34408186e4bbccfd4996cb3dc -> 
  custom:framework-win-MediaFoundation: 216162199b28c13a410421893ffa2e32 -> 
  custom:CustomObjectIndexerAttribute: 756ad292c208cfabdd7b50bc23989ffe -> 
  custom:container-demuxer-webm: 4f35f7cbe854078d1ac9338744f61a02 -> 
  custom:container-muxer-webm: aa71ff27fc2769a1b78a27578f13a17b -> 
  custom:video-decoder-webm-vp8: 9c59270c3fd7afecdb556c50c9e8de78 -> 
  custom:SearchIndexIgnoredProperties: e643bd26f0fe6173181afceb89e7c659 -> 
  custom:AudioImporter_EditorPlatform: d09bf68614088b80899f8185d706f6e7 -> 
  custom:video-encoder-webm-vp8: eb34c28f22e8b96e1ab97ce403110664 -> 
  custom:audio-decoder-ogg-vorbis: bf7c407c2cedff20999df2af8eb42d56 -> 
  custom:audio-encoder-webm-vorbis: bf7c407c2cedff20999df2af8eb42d56 -> 
========================================================================
Received Import Request.
  Time since last request: 44.054553 seconds.
  path: Assets/Flat Icons [Free]/Free Flat Arrow 5 NE Icon.png
  artifactKey: Guid(8f76f869ee326b343a73aae09f60ed73) Importer(815301076,1909f56bfc062723c751e8b465ee728b)
Start importing Assets/Flat Icons [Free]/Free Flat Arrow 5 NE Icon.png using Guid(8f76f869ee326b343a73aae09f60ed73) Importer(815301076,1909f56bfc062723c751e8b465ee728b)  -> (artifact id: '4e284cdf69fd76be0312067590c25bd8') in 0.090969 seconds
Number of updated asset objects reloaded before import = 0
Number of asset objects unloaded after import = 3
========================================================================
Received Import Request.
  Time since last request: 0.000023 seconds.
  path: Assets/Flat Icons [Free]/Free Flat Arrow 6 E Icon.png
  artifactKey: Guid(a46e79e029da1d346bafdc2c86ce723e) Importer(815301076,1909f56bfc062723c751e8b465ee728b)
Start importing Assets/Flat Icons [Free]/Free Flat Arrow 6 E Icon.png using Guid(a46e79e029da1d346bafdc2c86ce723e) Importer(815301076,1909f56bfc062723c751e8b465ee728b)  -> (artifact id: '5a4546c5e35c55965670036f4cb5371e') in 0.028960 seconds
Number of updated asset objects reloaded before import = 0
Number of asset objects unloaded after import = 3
========================================================================
Received Import Request.
  Time since last request: 0.000020 seconds.
  path: Assets/Flat Icons [Free]/Free Flat Arrow 7 SE Icon.png
  artifactKey: Guid(12b5978509d7c4c40a7b23ff0adefc96) Importer(815301076,1909f56bfc062723c751e8b465ee728b)
Start importing Assets/Flat Icons [Free]/Free Flat Arrow 7 SE Icon.png using Guid(12b5978509d7c4c40a7b23ff0adefc96) Importer(815301076,1909f56bfc062723c751e8b465ee728b)  -> (artifact id: 'e3386442f21cadbe1d45653ad566601a') in 0.027823 seconds
Number of updated asset objects reloaded before import = 0
Number of asset objects unloaded after import = 3
========================================================================
Received Import Request.
  Time since last request: 0.000023 seconds.
  path: Assets/Flat Icons [Free]/Free Flat Arrow 6 SE Icon.png
  artifactKey: Guid(d4622e6f5db00d741b8679abf793e099) Importer(815301076,1909f56bfc062723c751e8b465ee728b)
Start importing Assets/Flat Icons [Free]/Free Flat Arrow 6 SE Icon.png using Guid(d4622e6f5db00d741b8679abf793e099) Importer(815301076,1909f56bfc062723c751e8b465ee728b)  -> (artifact id: '24a42db954630ad9cc9d1f172cfb86be') in 0.025919 seconds
Number of updated asset objects reloaded before import = 0
Number of asset objects unloaded after import = 3
========================================================================
Received Import Request.
  Time since last request: 0.000014 seconds.
  path: Assets/Flat Icons [Free]/Free Flat Arrow 7 E Icon.png
  artifactKey: Guid(3f18113a534a8544d94b42a95ef80ba4) Importer(815301076,1909f56bfc062723c751e8b465ee728b)
Start importing Assets/Flat Icons [Free]/Free Flat Arrow 7 E Icon.png using Guid(3f18113a534a8544d94b42a95ef80ba4) Importer(815301076,1909f56bfc062723c751e8b465ee728b)  -> (artifact id: 'e45b02619bd03c9089858d79775c76f4') in 0.027951 seconds
Number of updated asset objects reloaded before import = 0
Number of asset objects unloaded after import = 3
========================================================================
Received Import Request.
  Time since last request: 0.000017 seconds.
  path: Assets/Flat Icons [Free]/Free Flat Arrow 5 SW Icon.png
  artifactKey: Guid(66cea11fb6a86534ab82d8712d6f782b) Importer(815301076,1909f56bfc062723c751e8b465ee728b)
Start importing Assets/Flat Icons [Free]/Free Flat Arrow 5 SW Icon.png using Guid(66cea11fb6a86534ab82d8712d6f782b) Importer(815301076,1909f56bfc062723c751e8b465ee728b)  -> (artifact id: '45b6fd18a70b31f1837b1a0d162027d4') in 0.027882 seconds
Number of updated asset objects reloaded before import = 0
Number of asset objects unloaded after import = 3
========================================================================
Received Import Request.
  Time since last request: 0.000027 seconds.
  path: Assets/Flat Icons [Free]/Free Flat Arrow Curved Right 2 Icon.png
  artifactKey: Guid(2bc9d759bddc7c449b69b96a63557c9c) Importer(815301076,1909f56bfc062723c751e8b465ee728b)
Start importing Assets/Flat Icons [Free]/Free Flat Arrow Curved Right 2 Icon.png using Guid(2bc9d759bddc7c449b69b96a63557c9c) Importer(815301076,1909f56bfc062723c751e8b465ee728b)  -> (artifact id: '5f30934b0a36919fc58c395ed0978cad') in 0.030255 seconds
Number of updated asset objects reloaded before import = 0
Number of asset objects unloaded after import = 3
========================================================================
Received Import Request.
  Time since last request: 0.000016 seconds.
  path: Assets/Flat Icons [Free]/Free Flat Arrow 6 NW Icon.png
  artifactKey: Guid(6525d93bdc5c93142a517c6f47ef8545) Importer(815301076,1909f56bfc062723c751e8b465ee728b)
Start importing Assets/Flat Icons [Free]/Free Flat Arrow 6 NW Icon.png using Guid(6525d93bdc5c93142a517c6f47ef8545) Importer(815301076,1909f56bfc062723c751e8b465ee728b)  -> (artifact id: 'a81121742b6f771126dbe315775c8548') in 0.027468 seconds
Number of updated asset objects reloaded before import = 0
Number of asset objects unloaded after import = 3
========================================================================
Received Import Request.
  Time since last request: 0.000018 seconds.
  path: Assets/Flat Icons [Free]/Free Flat Arrow 7 N Icon.png
  artifactKey: Guid(e019bdf0d3613c04abc6f970450486c8) Importer(815301076,1909f56bfc062723c751e8b465ee728b)
Start importing Assets/Flat Icons [Free]/Free Flat Arrow 7 N Icon.png using Guid(e019bdf0d3613c04abc6f970450486c8) Importer(815301076,1909f56bfc062723c751e8b465ee728b)  -> (artifact id: '4e61246cdabe975aaebc1325428f691d') in 0.029137 seconds
Number of updated asset objects reloaded before import = 0
Number of asset objects unloaded after import = 3
========================================================================
Received Import Request.
  Time since last request: 0.000016 seconds.
  path: Assets/Flat Icons [Free]/Free Flat Battery Empty Icon.png
  artifactKey: Guid(52ef2ea9601187e4c9fd3db7dd7027f3) Importer(815301076,1909f56bfc062723c751e8b465ee728b)
Start importing Assets/Flat Icons [Free]/Free Flat Battery Empty Icon.png using Guid(52ef2ea9601187e4c9fd3db7dd7027f3) Importer(815301076,1909f56bfc062723c751e8b465ee728b)  -> (artifact id: 'bf78c4d0c3d794c5b05ac1ed22c06a04') in 0.028384 seconds
Number of updated asset objects reloaded before import = 0
Number of asset objects unloaded after import = 3
========================================================================
Received Import Request.
  Time since last request: 0.000015 seconds.
  path: Assets/Flat Icons [Free]/Free Flat Arrow 6 NE Icon.png
  artifactKey: Guid(af2957dc9934d0f4b91b426b6275654e) Importer(815301076,1909f56bfc062723c751e8b465ee728b)
Start importing Assets/Flat Icons [Free]/Free Flat Arrow 6 NE Icon.png using Guid(af2957dc9934d0f4b91b426b6275654e) Importer(815301076,1909f56bfc062723c751e8b465ee728b)  -> (artifact id: 'ce9ab250e787ff4e8ab70d2dd5f8069e') in 0.027769 seconds
Number of updated asset objects reloaded before import = 0
Number of asset objects unloaded after import = 3
========================================================================
Received Import Request.
  Time since last request: 0.358624 seconds.
  path: Assets/Flat Icons [Free]/Free Flat Battery No Icon.png
  artifactKey: Guid(d52aaa3c2c8f6554ca1c329a5a1dbcd8) Importer(815301076,1909f56bfc062723c751e8b465ee728b)
Start importing Assets/Flat Icons [Free]/Free Flat Battery No Icon.png using Guid(d52aaa3c2c8f6554ca1c329a5a1dbcd8) Importer(815301076,1909f56bfc062723c751e8b465ee728b)  -> (artifact id: 'ee21343333b630225c29fe61f70284d4') in 0.030960 seconds
Number of updated asset objects reloaded before import = 0
Number of asset objects unloaded after import = 3
========================================================================
Received Import Request.
  Time since last request: 0.000012 seconds.
  path: Assets/Flat Icons [Free]/Free Flat Battery Tick 3 Icon.png
  artifactKey: Guid(6c7218760d7e1b041a1cbf797895f78a) Importer(815301076,1909f56bfc062723c751e8b465ee728b)
Start importing Assets/Flat Icons [Free]/Free Flat Battery Tick 3 Icon.png using Guid(6c7218760d7e1b041a1cbf797895f78a) Importer(815301076,1909f56bfc062723c751e8b465ee728b)  -> (artifact id: '6ad560f9a21fae7aa9272317b3013968') in 0.025743 seconds
Number of updated asset objects reloaded before import = 0
Number of asset objects unloaded after import = 3
========================================================================
Received Import Request.
  Time since last request: 0.000017 seconds.
  path: Assets/Flat Icons [Free]/Free Flat Battery Smooth 5 Icon.png
  artifactKey: Guid(e3e302267a5c6d244abbe2f50dc5eb4b) Importer(815301076,1909f56bfc062723c751e8b465ee728b)
Start importing Assets/Flat Icons [Free]/Free Flat Battery Smooth 5 Icon.png using Guid(e3e302267a5c6d244abbe2f50dc5eb4b) Importer(815301076,1909f56bfc062723c751e8b465ee728b)  -> (artifact id: '3d6205500ff426319cc3cc87156e32ba') in 0.025456 seconds
Number of updated asset objects reloaded before import = 0
Number of asset objects unloaded after import = 3
========================================================================
Received Import Request.
  Time since last request: 0.000015 seconds.
  path: Assets/Flat Icons [Free]/Free Flat Battery Tick 4 Icon.png
  artifactKey: Guid(babc4a27f003ee94a9d37f5a7d24b3d5) Importer(815301076,1909f56bfc062723c751e8b465ee728b)
Start importing Assets/Flat Icons [Free]/Free Flat Battery Tick 4 Icon.png using Guid(babc4a27f003ee94a9d37f5a7d24b3d5) Importer(815301076,1909f56bfc062723c751e8b465ee728b)  -> (artifact id: 'bd4a361da833913d0c6b2b148015df7a') in 0.026639 seconds
Number of updated asset objects reloaded before import = 0
Number of asset objects unloaded after import = 3
========================================================================
Received Import Request.
  Time since last request: 0.000021 seconds.
  path: Assets/Flat Icons [Free]/Free Flat Battery Smooth 2 Icon.png
  artifactKey: Guid(82031b80b43cc524fae78ff6c698aee9) Importer(815301076,1909f56bfc062723c751e8b465ee728b)
Start importing Assets/Flat Icons [Free]/Free Flat Battery Smooth 2 Icon.png using Guid(82031b80b43cc524fae78ff6c698aee9) Importer(815301076,1909f56bfc062723c751e8b465ee728b)  -> (artifact id: '3cc2f8a8e79deaeb954fcda26eb74b4f') in 0.029710 seconds
Number of updated asset objects reloaded before import = 0
Number of asset objects unloaded after import = 3
========================================================================
Received Import Request.
  Time since last request: 0.000016 seconds.
  path: Assets/Flat Icons [Free]/Free Flat Border Double 1-1pt Icon.png
  artifactKey: Guid(99ef4b1b6c988c54f992f3b96981549a) Importer(815301076,1909f56bfc062723c751e8b465ee728b)
Start importing Assets/Flat Icons [Free]/Free Flat Border Double 1-1pt Icon.png using Guid(99ef4b1b6c988c54f992f3b96981549a) Importer(815301076,1909f56bfc062723c751e8b465ee728b)  -> (artifact id: '74ffcfc1eca3b197d64c6498ea59cc3b') in 0.029895 seconds
Number of updated asset objects reloaded before import = 0
Number of asset objects unloaded after import = 3
========================================================================
Received Import Request.
  Time since last request: 0.000029 seconds.
  path: Assets/Flat Icons [Free]/Free Flat Border Double 1-2pt Icon.png
  artifactKey: Guid(92a6e63d8da7f3342b5c23c8da734580) Importer(815301076,1909f56bfc062723c751e8b465ee728b)
Start importing Assets/Flat Icons [Free]/Free Flat Border Double 1-2pt Icon.png using Guid(92a6e63d8da7f3342b5c23c8da734580) Importer(815301076,1909f56bfc062723c751e8b465ee728b)  -> (artifact id: '59f8ab5a63df16a853863bb219e8bae8') in 0.027311 seconds
Number of updated asset objects reloaded before import = 0
Number of asset objects unloaded after import = 3
========================================================================
Received Import Request.
  Time since last request: 0.149245 seconds.
  path: Assets/Flat Icons [Free]/Free Flat Border Double 5-1pt Icon.png
  artifactKey: Guid(13810fc7317ad384fa9d1745157efbe6) Importer(815301076,1909f56bfc062723c751e8b465ee728b)
Start importing Assets/Flat Icons [Free]/Free Flat Border Double 5-1pt Icon.png using Guid(13810fc7317ad384fa9d1745157efbe6) Importer(815301076,1909f56bfc062723c751e8b465ee728b)  -> (artifact id: '6328b7377c34295d3dbcc27c239c2b17') in 0.030618 seconds
Number of updated asset objects reloaded before import = 0
Number of asset objects unloaded after import = 3
========================================================================
Received Import Request.
  Time since last request: 0.000015 seconds.
  path: Assets/Flat Icons [Free]/Free Flat Button Blank Right 1 Icon.png
  artifactKey: Guid(55040708e249eda4486ec40810a73f60) Importer(815301076,1909f56bfc062723c751e8b465ee728b)
Start importing Assets/Flat Icons [Free]/Free Flat Button Blank Right 1 Icon.png using Guid(55040708e249eda4486ec40810a73f60) Importer(815301076,1909f56bfc062723c751e8b465ee728b)  -> (artifact id: '0c4d738df598e66dd9a104f9b9b0e95c') in 0.028322 seconds
Number of updated asset objects reloaded before import = 0
Number of asset objects unloaded after import = 3
========================================================================
Received Import Request.
  Time since last request: 0.000026 seconds.
  path: Assets/Flat Icons [Free]/Free Flat Border Single 8pt Icon.png
  artifactKey: Guid(2b4b49567b30dcf49839b100491f4bfc) Importer(815301076,1909f56bfc062723c751e8b465ee728b)
Start importing Assets/Flat Icons [Free]/Free Flat Border Single 8pt Icon.png using Guid(2b4b49567b30dcf49839b100491f4bfc) Importer(815301076,1909f56bfc062723c751e8b465ee728b)  -> (artifact id: '0f1be5c3dec830273fad6a45ffdb6aed') in 0.030987 seconds
Number of updated asset objects reloaded before import = 0
Number of asset objects unloaded after import = 3
========================================================================
Received Import Request.
  Time since last request: 0.000215 seconds.
  path: Assets/Flat Icons [Free]/Free Flat Button Blank X Icon.png
  artifactKey: Guid(f16ca8d9b20ab364ab5f5fb683243731) Importer(815301076,1909f56bfc062723c751e8b465ee728b)
Start importing Assets/Flat Icons [Free]/Free Flat Button Blank X Icon.png using Guid(f16ca8d9b20ab364ab5f5fb683243731) Importer(815301076,1909f56bfc062723c751e8b465ee728b)  -> (artifact id: 'ed004996f398186fa5ed0ec69acb37d7') in 0.038026 seconds
Number of updated asset objects reloaded before import = 0
Number of asset objects unloaded after import = 3
========================================================================
Received Import Request.
  Time since last request: 0.000019 seconds.
  path: Assets/Flat Icons [Free]/Free Flat Button Solid Left 1 Icon.png
  artifactKey: Guid(5bc5c58f25a195e48a39ed8a641b7399) Importer(815301076,1909f56bfc062723c751e8b465ee728b)
Start importing Assets/Flat Icons [Free]/Free Flat Button Solid Left 1 Icon.png using Guid(5bc5c58f25a195e48a39ed8a641b7399) Importer(815301076,1909f56bfc062723c751e8b465ee728b)  -> (artifact id: '37e5e10457e31e0ed3533a53b41b6046') in 0.030797 seconds
Number of updated asset objects reloaded before import = 0
Number of asset objects unloaded after import = 3
========================================================================
Received Import Request.
  Time since last request: 0.000016 seconds.
  path: Assets/Flat Icons [Free]/Free Flat Button Solid Left 3 Icon.png
  artifactKey: Guid(18e5191cf4ec7cb4fb09b913d3cb123f) Importer(815301076,1909f56bfc062723c751e8b465ee728b)
Start importing Assets/Flat Icons [Free]/Free Flat Button Solid Left 3 Icon.png using Guid(18e5191cf4ec7cb4fb09b913d3cb123f) Importer(815301076,1909f56bfc062723c751e8b465ee728b)  -> (artifact id: 'f9244b65d63cd8e6439b72c04767b087') in 0.035315 seconds
Number of updated asset objects reloaded before import = 0
Number of asset objects unloaded after import = 3
========================================================================
Received Import Request.
  Time since last request: 0.000016 seconds.
  path: Assets/Flat Icons [Free]/Free Flat Button Solid Circle Icon.png
  artifactKey: Guid(c4e2123aca855c547899d4e1cbd4312b) Importer(815301076,1909f56bfc062723c751e8b465ee728b)
Start importing Assets/Flat Icons [Free]/Free Flat Button Solid Circle Icon.png using Guid(c4e2123aca855c547899d4e1cbd4312b) Importer(815301076,1909f56bfc062723c751e8b465ee728b)  -> (artifact id: '63d5fe14f4c9240a7f0324e731d28e4e') in 0.027540 seconds
Number of updated asset objects reloaded before import = 0
Number of asset objects unloaded after import = 3
========================================================================
Received Import Request.
  Time since last request: 0.000015 seconds.
  path: Assets/Flat Icons [Free]/Free Flat Button Solid Right 1 Icon.png
  artifactKey: Guid(c5592df54283ce742af9371403fc8a72) Importer(815301076,1909f56bfc062723c751e8b465ee728b)
Start importing Assets/Flat Icons [Free]/Free Flat Button Solid Right 1 Icon.png using Guid(c5592df54283ce742af9371403fc8a72) Importer(815301076,1909f56bfc062723c751e8b465ee728b)  -> (artifact id: '62fdc8a5c154cce776db9e01cdf96907') in 0.025954 seconds
Number of updated asset objects reloaded before import = 0
Number of asset objects unloaded after import = 3
========================================================================
Received Import Request.
  Time since last request: 0.000017 seconds.
  path: Assets/Flat Icons [Free]/Free Flat Border Single 5pt Icon.png
  artifactKey: Guid(cb315a524431eba489474f0e41e28fdd) Importer(815301076,1909f56bfc062723c751e8b465ee728b)
Start importing Assets/Flat Icons [Free]/Free Flat Border Single 5pt Icon.png using Guid(cb315a524431eba489474f0e41e28fdd) Importer(815301076,1909f56bfc062723c751e8b465ee728b)  -> (artifact id: '7d68bd65b139b846af6b14ce0eb73665') in 0.030795 seconds
Number of updated asset objects reloaded before import = 0
Number of asset objects unloaded after import = 3
========================================================================
Received Import Request.
  Time since last request: 0.000025 seconds.
  path: Assets/Flat Icons [Free]/Free Flat Button Solid Left Icon.png
  artifactKey: Guid(f610d61d0fea207459ce90dcbb4ea0fc) Importer(815301076,1909f56bfc062723c751e8b465ee728b)
Start importing Assets/Flat Icons [Free]/Free Flat Button Solid Left Icon.png using Guid(f610d61d0fea207459ce90dcbb4ea0fc) Importer(815301076,1909f56bfc062723c751e8b465ee728b)  -> (artifact id: '69bf623ef0301241630be94ea84e2779') in 0.025427 seconds
Number of updated asset objects reloaded before import = 0
Number of asset objects unloaded after import = 3
========================================================================
Received Import Request.
  Time since last request: 0.000028 seconds.
  path: Assets/Flat Icons [Free]/Free Flat Border Single 4pt Icon.png
  artifactKey: Guid(057efff16d907304c8b0990c295fe5c9) Importer(815301076,1909f56bfc062723c751e8b465ee728b)
Start importing Assets/Flat Icons [Free]/Free Flat Border Single 4pt Icon.png using Guid(057efff16d907304c8b0990c295fe5c9) Importer(815301076,1909f56bfc062723c751e8b465ee728b)  -> (artifact id: 'f4be52e20f316a99793a89427ff259a9') in 0.025687 seconds
Number of updated asset objects reloaded before import = 0
Number of asset objects unloaded after import = 3
========================================================================
Received Import Request.
  Time since last request: 0.000020 seconds.
  path: Assets/Flat Icons [Free]/Free Flat Button Blank Left 1 Icon.png
  artifactKey: Guid(44b9de42941a2734d80bc4bb2f45f09b) Importer(815301076,1909f56bfc062723c751e8b465ee728b)
Start importing Assets/Flat Icons [Free]/Free Flat Button Blank Left 1 Icon.png using Guid(44b9de42941a2734d80bc4bb2f45f09b) Importer(815301076,1909f56bfc062723c751e8b465ee728b)  -> (artifact id: '2463b386c08001eca50d512b869a87b3') in 0.026576 seconds
Number of updated asset objects reloaded before import = 0
Number of asset objects unloaded after import = 3
========================================================================
Received Import Request.
  Time since last request: 0.000019 seconds.
  path: Assets/Flat Icons [Free]/Free Flat Button Blank Circle Icon.png
  artifactKey: Guid(b8e8e3f5289b61440b0df71eeecea4ae) Importer(815301076,1909f56bfc062723c751e8b465ee728b)
Start importing Assets/Flat Icons [Free]/Free Flat Button Blank Circle Icon.png using Guid(b8e8e3f5289b61440b0df71eeecea4ae) Importer(815301076,1909f56bfc062723c751e8b465ee728b)  -> (artifact id: '5d35ee3f042bf86190fc50da998f411b') in 0.025164 seconds
Number of updated asset objects reloaded before import = 0
Number of asset objects unloaded after import = 3
========================================================================
Received Import Request.
  Time since last request: 0.000014 seconds.
  path: Assets/Flat Icons [Free]/Free Flat Button Blank Left 3 Icon.png
  artifactKey: Guid(4f3012bd5d70cd841b352ad5afdb9c3c) Importer(815301076,1909f56bfc062723c751e8b465ee728b)
Start importing Assets/Flat Icons [Free]/Free Flat Button Blank Left 3 Icon.png using Guid(4f3012bd5d70cd841b352ad5afdb9c3c) Importer(815301076,1909f56bfc062723c751e8b465ee728b)  -> (artifact id: '1001559f678c6b58a08bd4432abdeba3') in 0.028290 seconds
Number of updated asset objects reloaded before import = 0
Number of asset objects unloaded after import = 3
========================================================================
Received Import Request.
  Time since last request: 0.000020 seconds.
  path: Assets/Flat Icons [Free]/Free Flat Border Single 7pt Icon.png
  artifactKey: Guid(dda637b01e0d3f54cb9342e29bfd1121) Importer(815301076,1909f56bfc062723c751e8b465ee728b)
Start importing Assets/Flat Icons [Free]/Free Flat Border Single 7pt Icon.png using Guid(dda637b01e0d3f54cb9342e29bfd1121) Importer(815301076,1909f56bfc062723c751e8b465ee728b)  -> (artifact id: '13dfc699869960750dfa168f6ef85b0c') in 0.028788 seconds
Number of updated asset objects reloaded before import = 0
Number of asset objects unloaded after import = 3
========================================================================
Received Import Request.
  Time since last request: 22.572296 seconds.
  path: Assets/Resource/UI/Flat Icons [Free]/Free Flat Button Solid Right Trigger Icon.png
  artifactKey: Guid(b5acca5b493797f4eb71cb59d573ffc9) Importer(815301076,1909f56bfc062723c751e8b465ee728b)
Start importing Assets/Resource/UI/Flat Icons [Free]/Free Flat Button Solid Right Trigger Icon.png using Guid(b5acca5b493797f4eb71cb59d573ffc9) Importer(815301076,1909f56bfc062723c751e8b465ee728b)  -> (artifact id: '2ba345daa36c0d100ac61a53d826477b') in 0.102016 seconds
Number of updated asset objects reloaded before import = 0
Number of asset objects unloaded after import = 3
========================================================================
Received Import Request.
  Time since last request: 0.000021 seconds.
  path: Assets/Resource/UI/Flat Icons [Free]/Free Flat Chat 1 Ellipsis Icon.png
  artifactKey: Guid(3ac79dc5d95aecf40b0a769e033134fd) Importer(815301076,1909f56bfc062723c751e8b465ee728b)
Start importing Assets/Resource/UI/Flat Icons [Free]/Free Flat Chat 1 Ellipsis Icon.png using Guid(3ac79dc5d95aecf40b0a769e033134fd) Importer(815301076,1909f56bfc062723c751e8b465ee728b)  -> (artifact id: '0837cf54f60e52e1daf858a6453e9621') in 0.125903 seconds
Number of updated asset objects reloaded before import = 0
Number of asset objects unloaded after import = 3
========================================================================
Received Import Request.
  Time since last request: 0.000028 seconds.
  path: Assets/Resource/UI/Flat Icons [Free]/Free Flat Chat 1 Blank Icon.png
  artifactKey: Guid(71d79bf573254f644a28e7c73e416105) Importer(815301076,1909f56bfc062723c751e8b465ee728b)
Start importing Assets/Resource/UI/Flat Icons [Free]/Free Flat Chat 1 Blank Icon.png using Guid(71d79bf573254f644a28e7c73e416105) Importer(815301076,1909f56bfc062723c751e8b465ee728b)  -> (artifact id: '893f5763f9fe06c8b8bddab736290514') in 0.034590 seconds
Number of updated asset objects reloaded before import = 0
Number of asset objects unloaded after import = 3
========================================================================
Received Import Request.
  Time since last request: 0.000023 seconds.
  path: Assets/Resource/UI/Flat Icons [Free]/Free Flat Button Solid Triangle Icon.png
  artifactKey: Guid(03d93f0af71a932438f67fe810db03b9) Importer(815301076,1909f56bfc062723c751e8b465ee728b)
Start importing Assets/Resource/UI/Flat Icons [Free]/Free Flat Button Solid Triangle Icon.png using Guid(03d93f0af71a932438f67fe810db03b9) Importer(815301076,1909f56bfc062723c751e8b465ee728b)  -> (artifact id: '2ab3caafd6fd4207c7401528f91ff188') in 0.056280 seconds
Number of updated asset objects reloaded before import = 0
Number of asset objects unloaded after import = 3
========================================================================
Received Import Request.
  Time since last request: 0.000014 seconds.
  path: Assets/Resource/UI/Flat Icons [Free]/Free Flat Button Solid X Icon.png
  artifactKey: Guid(31261ef829c8d5443941fedf93581633) Importer(815301076,1909f56bfc062723c751e8b465ee728b)
Start importing Assets/Resource/UI/Flat Icons [Free]/Free Flat Button Solid X Icon.png using Guid(31261ef829c8d5443941fedf93581633) Importer(815301076,1909f56bfc062723c751e8b465ee728b)  -> (artifact id: '6a2f1d69ed032bf2c1c69e09bb484f90') in 0.060071 seconds
Number of updated asset objects reloaded before import = 0
Number of asset objects unloaded after import = 3
========================================================================
Received Import Request.
  Time since last request: 0.012245 seconds.
  path: Assets/Resource/UI/Flat Icons [Free]/Free Flat Chat 2 Bars Icon.png
  artifactKey: Guid(1639b79b49ea92841a885cc7c3f1d900) Importer(815301076,1909f56bfc062723c751e8b465ee728b)
Start importing Assets/Resource/UI/Flat Icons [Free]/Free Flat Chat 2 Bars Icon.png using Guid(1639b79b49ea92841a885cc7c3f1d900) Importer(815301076,1909f56bfc062723c751e8b465ee728b)  -> (artifact id: '0fc088b2244ee3ce1b95bdb20d2cf0e0') in 0.024701 seconds
Number of updated asset objects reloaded before import = 0
Number of asset objects unloaded after import = 3
========================================================================
Received Import Request.
  Time since last request: 0.000019 seconds.
  path: Assets/Resource/UI/Flat Icons [Free]/Free Flat Chat 2 Ellipsis Icon.png
  artifactKey: Guid(88c10575716b42f4681514f464e8e81f) Importer(815301076,1909f56bfc062723c751e8b465ee728b)
Start importing Assets/Resource/UI/Flat Icons [Free]/Free Flat Chat 2 Ellipsis Icon.png using Guid(88c10575716b42f4681514f464e8e81f) Importer(815301076,1909f56bfc062723c751e8b465ee728b)  -> (artifact id: 'd167124696e908b567b3d2c5d0e38974') in 0.026062 seconds
Number of updated asset objects reloaded before import = 0
Number of asset objects unloaded after import = 3
========================================================================
Received Import Request.
  Time since last request: 0.000015 seconds.
  path: Assets/Resource/UI/Flat Icons [Free]/Free Flat Chat 2 Exclaim Icon.png
  artifactKey: Guid(0f6a6fda1c4ce744095db2dc3335304d) Importer(815301076,1909f56bfc062723c751e8b465ee728b)
Start importing Assets/Resource/UI/Flat Icons [Free]/Free Flat Chat 2 Exclaim Icon.png using Guid(0f6a6fda1c4ce744095db2dc3335304d) Importer(815301076,1909f56bfc062723c751e8b465ee728b)  -> (artifact id: 'e989d7b09726707b53e1de985f425997') in 0.029064 seconds
Number of updated asset objects reloaded before import = 0
Number of asset objects unloaded after import = 3
========================================================================
Received Import Request.
  Time since last request: 0.000030 seconds.
  path: Assets/Resource/UI/Flat Icons [Free]/Free Flat Cloud 2 Icon.png
  artifactKey: Guid(867f6a421a63e4d41ab1ac5e7120e733) Importer(815301076,1909f56bfc062723c751e8b465ee728b)
Start importing Assets/Resource/UI/Flat Icons [Free]/Free Flat Cloud 2 Icon.png using Guid(867f6a421a63e4d41ab1ac5e7120e733) Importer(815301076,1909f56bfc062723c751e8b465ee728b)  -> (artifact id: '8ebbbeba0220e5fae3ad36cc0ba17b48') in 0.027174 seconds
Number of updated asset objects reloaded before import = 0
Number of asset objects unloaded after import = 3
========================================================================
Received Import Request.
  Time since last request: 0.000017 seconds.
  path: Assets/Resource/UI/Flat Icons [Free]/Free Flat Connection 3 Icon.png
  artifactKey: Guid(8973670be4bd7fe49a6a7b82418796d4) Importer(815301076,1909f56bfc062723c751e8b465ee728b)
Start importing Assets/Resource/UI/Flat Icons [Free]/Free Flat Connection 3 Icon.png using Guid(8973670be4bd7fe49a6a7b82418796d4) Importer(815301076,1909f56bfc062723c751e8b465ee728b)  -> (artifact id: '74af4bfa11fce1f2e3530d368eee2246') in 0.028289 seconds
Number of updated asset objects reloaded before import = 0
Number of asset objects unloaded after import = 3
========================================================================
Received Import Request.
  Time since last request: 0.000019 seconds.
  path: Assets/Resource/UI/Flat Icons [Free]/Free Flat Cloud 1 Icon.png
  artifactKey: Guid(42e143c86e7453d4f8f631ea354c035a) Importer(815301076,1909f56bfc062723c751e8b465ee728b)
Start importing Assets/Resource/UI/Flat Icons [Free]/Free Flat Cloud 1 Icon.png using Guid(42e143c86e7453d4f8f631ea354c035a) Importer(815301076,1909f56bfc062723c751e8b465ee728b)  -> (artifact id: '3315077eeb2926947333916b6a623800') in 0.026483 seconds
Number of updated asset objects reloaded before import = 0
Number of asset objects unloaded after import = 3
========================================================================
Received Import Request.
  Time since last request: 0.000020 seconds.
  path: Assets/Resource/UI/Flat Icons [Free]/Free Flat Cloud Icon.png
  artifactKey: Guid(dabc19380a76426458ac691061a1a10a) Importer(815301076,1909f56bfc062723c751e8b465ee728b)
Start importing Assets/Resource/UI/Flat Icons [Free]/Free Flat Cloud Icon.png using Guid(dabc19380a76426458ac691061a1a10a) Importer(815301076,1909f56bfc062723c751e8b465ee728b)  -> (artifact id: '27a8ee3d7148b92b0c5e6e396071b85e') in 0.031263 seconds
Number of updated asset objects reloaded before import = 0
Number of asset objects unloaded after import = 3
========================================================================
Received Import Request.
  Time since last request: 0.207621 seconds.
  path: Assets/Resource/UI/Flat Icons [Free]/Free Flat Disk 4 Icon.png
  artifactKey: Guid(d59ff638a09b0b84184c5dd3bdd73e5f) Importer(815301076,1909f56bfc062723c751e8b465ee728b)
Start importing Assets/Resource/UI/Flat Icons [Free]/Free Flat Disk 4 Icon.png using Guid(d59ff638a09b0b84184c5dd3bdd73e5f) Importer(815301076,1909f56bfc062723c751e8b465ee728b)  -> (artifact id: 'd10733091ae34cd62c21f801460e6e4b') in 0.026543 seconds
Number of updated asset objects reloaded before import = 0
Number of asset objects unloaded after import = 3
========================================================================
Received Import Request.
  Time since last request: 0.000037 seconds.
  path: Assets/Resource/UI/Flat Icons [Free]/Free Flat Exit Door Icon.png
  artifactKey: Guid(b1b7bca5eb410a54a82c3d0e0173e568) Importer(815301076,1909f56bfc062723c751e8b465ee728b)
Start importing Assets/Resource/UI/Flat Icons [Free]/Free Flat Exit Door Icon.png using Guid(b1b7bca5eb410a54a82c3d0e0173e568) Importer(815301076,1909f56bfc062723c751e8b465ee728b)  -> (artifact id: 'a27f221759ba9de81cfbe694f3297aa8') in 0.026078 seconds
Number of updated asset objects reloaded before import = 0
Number of asset objects unloaded after import = 3
========================================================================
Received Import Request.
  Time since last request: 0.000017 seconds.
  path: Assets/Resource/UI/Flat Icons [Free]/Free Flat Edit Icon.png
  artifactKey: Guid(8cd55c5b366c4574d93e99269b8a01d9) Importer(815301076,1909f56bfc062723c751e8b465ee728b)
Start importing Assets/Resource/UI/Flat Icons [Free]/Free Flat Edit Icon.png using Guid(8cd55c5b366c4574d93e99269b8a01d9) Importer(815301076,1909f56bfc062723c751e8b465ee728b)  -> (artifact id: '01bb15bc34de8ec48dbc147427909099') in 0.026508 seconds
Number of updated asset objects reloaded before import = 0
Number of asset objects unloaded after import = 3
========================================================================
Received Import Request.
  Time since last request: 0.000021 seconds.
  path: Assets/Resource/UI/Flat Icons [Free]/Free Flat Exit Left Icon.png
  artifactKey: Guid(cf03c630256c7dc47afa1a941c9b7968) Importer(815301076,1909f56bfc062723c751e8b465ee728b)
Start importing Assets/Resource/UI/Flat Icons [Free]/Free Flat Exit Left Icon.png using Guid(cf03c630256c7dc47afa1a941c9b7968) Importer(815301076,1909f56bfc062723c751e8b465ee728b)  -> (artifact id: '74c7635d0ac87840550ec6774d1a477f') in 0.025181 seconds
Number of updated asset objects reloaded before import = 0
Number of asset objects unloaded after import = 3
========================================================================
Received Import Request.
  Time since last request: 0.384441 seconds.
  path: Assets/Resource/UI/Flat Icons [Free]/Free Flat Gear 2 Icon.png
  artifactKey: Guid(064df71df088bcf4aa33e70a7ebdd421) Importer(815301076,1909f56bfc062723c751e8b465ee728b)
Start importing Assets/Resource/UI/Flat Icons [Free]/Free Flat Gear 2 Icon.png using Guid(064df71df088bcf4aa33e70a7ebdd421) Importer(815301076,1909f56bfc062723c751e8b465ee728b)  -> (artifact id: '47300aeaf07c0de5875c5708e75145e1') in 0.027521 seconds
Number of updated asset objects reloaded before import = 0
Number of asset objects unloaded after import = 3
========================================================================
Received Import Request.
  Time since last request: 0.000017 seconds.
  path: Assets/Resource/UI/Flat Icons [Free]/Free Flat Gradient Circle (Top) Icon.png
  artifactKey: Guid(797c89b2982d2754892436de08157cf0) Importer(815301076,1909f56bfc062723c751e8b465ee728b)
Start importing Assets/Resource/UI/Flat Icons [Free]/Free Flat Gradient Circle (Top) Icon.png using Guid(797c89b2982d2754892436de08157cf0) Importer(815301076,1909f56bfc062723c751e8b465ee728b)  -> (artifact id: '2fb8232f4f603d269665961c04896b04') in 0.028719 seconds
Number of updated asset objects reloaded before import = 0
Number of asset objects unloaded after import = 3
========================================================================
Received Import Request.
  Time since last request: 0.000016 seconds.
  path: Assets/Resource/UI/Flat Icons [Free]/Free Flat Gradient Horizontal (Middle) Icon.png
  artifactKey: Guid(c0c6236a6ab80ef4a976fb36399ec076) Importer(815301076,1909f56bfc062723c751e8b465ee728b)
Start importing Assets/Resource/UI/Flat Icons [Free]/Free Flat Gradient Horizontal (Middle) Icon.png using Guid(c0c6236a6ab80ef4a976fb36399ec076) Importer(815301076,1909f56bfc062723c751e8b465ee728b)  -> (artifact id: '9cede2a9f604d488307dfcb1c88a7dd1') in 0.028443 seconds
Number of updated asset objects reloaded before import = 0
Number of asset objects unloaded after import = 3
========================================================================
Received Import Request.
  Time since last request: 0.313545 seconds.
  path: Assets/Resource/UI/Flat Icons [Free]/Free Flat Gradient Vertical (Bottom) Icon.png
  artifactKey: Guid(840b035a02edc9f49b5fb9f99beeaf75) Importer(815301076,1909f56bfc062723c751e8b465ee728b)
Start importing Assets/Resource/UI/Flat Icons [Free]/Free Flat Gradient Vertical (Bottom) Icon.png using Guid(840b035a02edc9f49b5fb9f99beeaf75) Importer(815301076,1909f56bfc062723c751e8b465ee728b)  -> (artifact id: '5522771f56a1ba39679561ce7033cb31') in 0.047753 seconds
Number of updated asset objects reloaded before import = 0
Number of asset objects unloaded after import = 3
========================================================================
Received Import Request.
  Time since last request: 0.000015 seconds.
  path: Assets/Resource/UI/Flat Icons [Free]/Free Flat Hat Solid E Icon.png
  artifactKey: Guid(6e5eee0c05fcf7b439b27ea85bcb070e) Importer(815301076,1909f56bfc062723c751e8b465ee728b)
Start importing Assets/Resource/UI/Flat Icons [Free]/Free Flat Hat Solid E Icon.png using Guid(6e5eee0c05fcf7b439b27ea85bcb070e) Importer(815301076,1909f56bfc062723c751e8b465ee728b)  -> (artifact id: 'dbb88641536f7278a01ea7913a75c80a') in 0.026129 seconds
Number of updated asset objects reloaded before import = 0
Number of asset objects unloaded after import = 3
========================================================================
Received Import Request.
  Time since last request: 0.000019 seconds.
  path: Assets/Resource/UI/Flat Icons [Free]/Free Flat Hat Solid Blank Icon.png
  artifactKey: Guid(9a363b86d8dc1f9469388fb98608bb7b) Importer(815301076,1909f56bfc062723c751e8b465ee728b)
Start importing Assets/Resource/UI/Flat Icons [Free]/Free Flat Hat Solid Blank Icon.png using Guid(9a363b86d8dc1f9469388fb98608bb7b) Importer(815301076,1909f56bfc062723c751e8b465ee728b)  -> (artifact id: 'd0b518e3459ce417d5dc8f9680af0b52') in 0.025677 seconds
Number of updated asset objects reloaded before import = 0
Number of asset objects unloaded after import = 3
========================================================================
Received Import Request.
  Time since last request: 0.016495 seconds.
  path: Assets/Resource/UI/Flat Icons [Free]/Free Flat Hat Solid NES Icon.png
  artifactKey: Guid(c4ac5f3ea2864b943ac08da9a3e9d511) Importer(815301076,1909f56bfc062723c751e8b465ee728b)
Start importing Assets/Resource/UI/Flat Icons [Free]/Free Flat Hat Solid NES Icon.png using Guid(c4ac5f3ea2864b943ac08da9a3e9d511) Importer(815301076,1909f56bfc062723c751e8b465ee728b)  -> (artifact id: '770e891a818f4747c89f53e3531dffe7') in 0.029091 seconds
Number of updated asset objects reloaded before import = 0
Number of asset objects unloaded after import = 3
========================================================================
Received Import Request.
  Time since last request: 0.000014 seconds.
  path: Assets/Resource/UI/Flat Icons [Free]/Free Flat Hat Solid NW Icon.png
  artifactKey: Guid(4123cf49a9e94bf4e853f60226e46a5f) Importer(815301076,1909f56bfc062723c751e8b465ee728b)
Start importing Assets/Resource/UI/Flat Icons [Free]/Free Flat Hat Solid NW Icon.png using Guid(4123cf49a9e94bf4e853f60226e46a5f) Importer(815301076,1909f56bfc062723c751e8b465ee728b)  -> (artifact id: '80b5ef4a55abfc2a4824432156315067') in 0.026998 seconds
Number of updated asset objects reloaded before import = 0
Number of asset objects unloaded after import = 3
========================================================================
Received Import Request.
  Time since last request: 0.000016 seconds.
  path: Assets/Resource/UI/Flat Icons [Free]/Free Flat Hat Solid W Icon.png
  artifactKey: Guid(b2271e079e70d6c4dbee30583586e16b) Importer(815301076,1909f56bfc062723c751e8b465ee728b)
Start importing Assets/Resource/UI/Flat Icons [Free]/Free Flat Hat Solid W Icon.png using Guid(b2271e079e70d6c4dbee30583586e16b) Importer(815301076,1909f56bfc062723c751e8b465ee728b)  -> (artifact id: 'd1a84fc0d958cad45ec4e2b033d9656e') in 0.026282 seconds
Number of updated asset objects reloaded before import = 0
Number of asset objects unloaded after import = 3
========================================================================
Received Import Request.
  Time since last request: 0.000016 seconds.
  path: Assets/Resource/UI/Flat Icons [Free]/Free Flat Hat Solid SW Icon.png
  artifactKey: Guid(11299bf0a0917514d9e6c313cd385549) Importer(815301076,1909f56bfc062723c751e8b465ee728b)
Start importing Assets/Resource/UI/Flat Icons [Free]/Free Flat Hat Solid SW Icon.png using Guid(11299bf0a0917514d9e6c313cd385549) Importer(815301076,1909f56bfc062723c751e8b465ee728b)  -> (artifact id: 'b8fd9061653cb46b888134c2206e73f7') in 0.023213 seconds
Number of updated asset objects reloaded before import = 0
Number of asset objects unloaded after import = 3
========================================================================
Received Import Request.
  Time since last request: 0.056492 seconds.
  path: Assets/Resource/UI/Flat Icons [Free]/Free Flat Hat Split ESW Icon.png
  artifactKey: Guid(401cf7eb34cb4fb43ab0ba85694e8e7f) Importer(815301076,1909f56bfc062723c751e8b465ee728b)
Start importing Assets/Resource/UI/Flat Icons [Free]/Free Flat Hat Split ESW Icon.png using Guid(401cf7eb34cb4fb43ab0ba85694e8e7f) Importer(815301076,1909f56bfc062723c751e8b465ee728b)  -> (artifact id: '8c487bc2c3d21b5c16706474b4e21fea') in 0.023992 seconds
Number of updated asset objects reloaded before import = 0
Number of asset objects unloaded after import = 3
========================================================================
Received Import Request.
  Time since last request: 0.000020 seconds.
  path: Assets/Resource/UI/Flat Icons [Free]/Free Flat Hat Split N Icon.png
  artifactKey: Guid(f49975360a7f21c488118ad3121430d6) Importer(815301076,1909f56bfc062723c751e8b465ee728b)
Start importing Assets/Resource/UI/Flat Icons [Free]/Free Flat Hat Split N Icon.png using Guid(f49975360a7f21c488118ad3121430d6) Importer(815301076,1909f56bfc062723c751e8b465ee728b)  -> (artifact id: '4d53c4eb4a5d7c47e9a89edcb9f3c6bd') in 0.024849 seconds
Number of updated asset objects reloaded before import = 0
Number of asset objects unloaded after import = 3
========================================================================
Received Import Request.
  Time since last request: 0.000019 seconds.
  path: Assets/Resource/UI/Flat Icons [Free]/Free Flat Hat Split NWS Icon.png
  artifactKey: Guid(e9c01f7dbcef8ef4aa228dd4b2d7661a) Importer(815301076,1909f56bfc062723c751e8b465ee728b)
Start importing Assets/Resource/UI/Flat Icons [Free]/Free Flat Hat Split NWS Icon.png using Guid(e9c01f7dbcef8ef4aa228dd4b2d7661a) Importer(815301076,1909f56bfc062723c751e8b465ee728b)  -> (artifact id: 'b3074a1cf63f0d4ab4197488246b5cda') in 0.026065 seconds
Number of updated asset objects reloaded before import = 0
Number of asset objects unloaded after import = 3
========================================================================
Received Import Request.
  Time since last request: 0.304209 seconds.
  path: Assets/Resource/UI/Flat Icons [Free]/Free Flat Hat Split SW Icon.png
  artifactKey: Guid(2d2efb71714622f48a1b75dcb0fbe9c1) Importer(815301076,1909f56bfc062723c751e8b465ee728b)
Start importing Assets/Resource/UI/Flat Icons [Free]/Free Flat Hat Split SW Icon.png using Guid(2d2efb71714622f48a1b75dcb0fbe9c1) Importer(815301076,1909f56bfc062723c751e8b465ee728b)  -> (artifact id: '4326d871a71ce9c2288c87e126c31770') in 0.030144 seconds
Number of updated asset objects reloaded before import = 0
Number of asset objects unloaded after import = 3
========================================================================
Received Import Request.
  Time since last request: 0.000018 seconds.
  path: Assets/Resource/UI/Flat Icons [Free]/Free Flat Heart Filled Icon.png
  artifactKey: Guid(4217838d18d06c04fbb38361be7b975f) Importer(815301076,1909f56bfc062723c751e8b465ee728b)
Start importing Assets/Resource/UI/Flat Icons [Free]/Free Flat Heart Filled Icon.png using Guid(4217838d18d06c04fbb38361be7b975f) Importer(815301076,1909f56bfc062723c751e8b465ee728b)  -> (artifact id: '665796c4bdfca562da9b1e4fe18bb616') in 0.030235 seconds
Number of updated asset objects reloaded before import = 0
Number of asset objects unloaded after import = 3
========================================================================
Received Import Request.
  Time since last request: 0.000015 seconds.
  path: Assets/Resource/UI/Flat Icons [Free]/Free Flat Lock Open Icon.png
  artifactKey: Guid(bb7ec8b62952b184997404e390b9e690) Importer(815301076,1909f56bfc062723c751e8b465ee728b)
Start importing Assets/Resource/UI/Flat Icons [Free]/Free Flat Lock Open Icon.png using Guid(bb7ec8b62952b184997404e390b9e690) Importer(815301076,1909f56bfc062723c751e8b465ee728b)  -> (artifact id: 'de4bd50bf80428cef193d8a7093764bf') in 0.027687 seconds
Number of updated asset objects reloaded before import = 0
Number of asset objects unloaded after import = 3
========================================================================
Received Import Request.
  Time since last request: 0.000018 seconds.
  path: Assets/Resource/UI/Flat Icons [Free]/Free Flat Magnify Minus Icon.png
  artifactKey: Guid(729052d35d545f2459aa6859cdcac322) Importer(815301076,1909f56bfc062723c751e8b465ee728b)
Start importing Assets/Resource/UI/Flat Icons [Free]/Free Flat Magnify Minus Icon.png using Guid(729052d35d545f2459aa6859cdcac322) Importer(815301076,1909f56bfc062723c751e8b465ee728b)  -> (artifact id: '0d8957a5cb78c46988e470f82133d4ed') in 0.027103 seconds
Number of updated asset objects reloaded before import = 0
Number of asset objects unloaded after import = 3
========================================================================
Received Import Request.
  Time since last request: 0.000019 seconds.
  path: Assets/Resource/UI/Flat Icons [Free]/Free Flat Media Pause Icon.png
  artifactKey: Guid(5fc710f713ac1be468e5c8ef2b11239c) Importer(815301076,1909f56bfc062723c751e8b465ee728b)
Start importing Assets/Resource/UI/Flat Icons [Free]/Free Flat Media Pause Icon.png using Guid(5fc710f713ac1be468e5c8ef2b11239c) Importer(815301076,1909f56bfc062723c751e8b465ee728b)  -> (artifact id: '138bea4183c1ba76890d695bf3d86c35') in 0.028764 seconds
Number of updated asset objects reloaded before import = 0
Number of asset objects unloaded after import = 3
========================================================================
Received Import Request.
  Time since last request: 0.000025 seconds.
  path: Assets/Resource/UI/Flat Icons [Free]/Free Flat Media Stop Icon.png
  artifactKey: Guid(7d0e2c51f326f034bb2ac5081607bc85) Importer(815301076,1909f56bfc062723c751e8b465ee728b)
Start importing Assets/Resource/UI/Flat Icons [Free]/Free Flat Media Stop Icon.png using Guid(7d0e2c51f326f034bb2ac5081607bc85) Importer(815301076,1909f56bfc062723c751e8b465ee728b)  -> (artifact id: 'ee7c462bfe6b4520261ec465a99ff651') in 0.026366 seconds
Number of updated asset objects reloaded before import = 0
Number of asset objects unloaded after import = 3
========================================================================
Received Import Request.
  Time since last request: 0.000025 seconds.
  path: Assets/Resource/UI/Flat Icons [Free]/Free Flat Heart Empty Icon.png
  artifactKey: Guid(2b128a5e4d59a054e9193a83052697e3) Importer(815301076,1909f56bfc062723c751e8b465ee728b)
Start importing Assets/Resource/UI/Flat Icons [Free]/Free Flat Heart Empty Icon.png using Guid(2b128a5e4d59a054e9193a83052697e3) Importer(815301076,1909f56bfc062723c751e8b465ee728b)  -> (artifact id: 'bfa765b1c597805b3ca52ce745e9cef5') in 0.026456 seconds
Number of updated asset objects reloaded before import = 0
Number of asset objects unloaded after import = 3
========================================================================
Received Import Request.
  Time since last request: 0.000017 seconds.
  path: Assets/Resource/UI/Flat Icons [Free]/Free Flat Media Right Double Icon.png
  artifactKey: Guid(22057aef5fa19f9489473012c242bba0) Importer(815301076,1909f56bfc062723c751e8b465ee728b)
Start importing Assets/Resource/UI/Flat Icons [Free]/Free Flat Media Right Double Icon.png using Guid(22057aef5fa19f9489473012c242bba0) Importer(815301076,1909f56bfc062723c751e8b465ee728b)  -> (artifact id: '3302983415db3fc82494e5b31750a8b5') in 0.023896 seconds
Number of updated asset objects reloaded before import = 0
Number of asset objects unloaded after import = 3
========================================================================
Received Import Request.
  Time since last request: 0.884832 seconds.
  path: Assets/Resource/UI/Flat Icons [Free]/Free Flat Menu 3 Icon.png
  artifactKey: Guid(80e352140f72c1a46925fdcd2fc5fb28) Importer(815301076,1909f56bfc062723c751e8b465ee728b)
Start importing Assets/Resource/UI/Flat Icons [Free]/Free Flat Menu 3 Icon.png using Guid(80e352140f72c1a46925fdcd2fc5fb28) Importer(815301076,1909f56bfc062723c751e8b465ee728b)  -> (artifact id: '13ce310dc4cca38558cf6a033b9b830d') in 0.042552 seconds
Number of updated asset objects reloaded before import = 0
Number of asset objects unloaded after import = 3
========================================================================
Received Import Request.
  Time since last request: 0.000015 seconds.
  path: Assets/Resource/UI/Flat Icons [Free]/Free Flat Menu 10 Icon.png
  artifactKey: Guid(461c7ab371b3c814e836b1682d4162b3) Importer(815301076,1909f56bfc062723c751e8b465ee728b)
Start importing Assets/Resource/UI/Flat Icons [Free]/Free Flat Menu 10 Icon.png using Guid(461c7ab371b3c814e836b1682d4162b3) Importer(815301076,1909f56bfc062723c751e8b465ee728b)  -> (artifact id: '18625709f66878fba0cc72cbb12bcdf8') in 0.026974 seconds
Number of updated asset objects reloaded before import = 0
Number of asset objects unloaded after import = 3
========================================================================
Received Import Request.
  Time since last request: 0.000016 seconds.
  path: Assets/Resource/UI/Flat Icons [Free]/Free Flat Menu 8 Icon.png
  artifactKey: Guid(346e3b2dceb1a6c458d4271b170b3bd5) Importer(815301076,1909f56bfc062723c751e8b465ee728b)
Start importing Assets/Resource/UI/Flat Icons [Free]/Free Flat Menu 8 Icon.png using Guid(346e3b2dceb1a6c458d4271b170b3bd5) Importer(815301076,1909f56bfc062723c751e8b465ee728b)  -> (artifact id: '7b46422e12c09f0eed04fbd5b10f6c51') in 0.029013 seconds
Number of updated asset objects reloaded before import = 0
Number of asset objects unloaded after import = 3
========================================================================
Received Import Request.
  Time since last request: 0.000023 seconds.
  path: Assets/Resource/UI/Flat Icons [Free]/Free Flat Mic Icon.png
  artifactKey: Guid(f2f9800a1d8f6624db87fcc401513e95) Importer(815301076,1909f56bfc062723c751e8b465ee728b)
Start importing Assets/Resource/UI/Flat Icons [Free]/Free Flat Mic Icon.png using Guid(f2f9800a1d8f6624db87fcc401513e95) Importer(815301076,1909f56bfc062723c751e8b465ee728b)  -> (artifact id: '0de735bd7f2af139607db2523c1142dc') in 0.027392 seconds
Number of updated asset objects reloaded before import = 0
Number of asset objects unloaded after import = 3
========================================================================
Received Import Request.
  Time since last request: 0.000032 seconds.
  path: Assets/Resource/UI/Flat Icons [Free]/Free Flat Move In Icon.png
  artifactKey: Guid(fb23ae9c9c616a34a808b7e87e761a4b) Importer(815301076,1909f56bfc062723c751e8b465ee728b)
Start importing Assets/Resource/UI/Flat Icons [Free]/Free Flat Move In Icon.png using Guid(fb23ae9c9c616a34a808b7e87e761a4b) Importer(815301076,1909f56bfc062723c751e8b465ee728b)  -> (artifact id: '3ebb6e9b26939cba067b0ba180411114') in 0.027607 seconds
Number of updated asset objects reloaded before import = 0
Number of asset objects unloaded after import = 3
========================================================================
Received Import Request.
  Time since last request: 0.000020 seconds.
  path: Assets/Resource/UI/Flat Icons [Free]/Free Flat Menu 9 Icon.png
  artifactKey: Guid(c53a8d00e4c3bb34998868ca02b1cd74) Importer(815301076,1909f56bfc062723c751e8b465ee728b)
Start importing Assets/Resource/UI/Flat Icons [Free]/Free Flat Menu 9 Icon.png using Guid(c53a8d00e4c3bb34998868ca02b1cd74) Importer(815301076,1909f56bfc062723c751e8b465ee728b)  -> (artifact id: 'b4262724f2f5d63031b20b7794b473f7') in 0.030208 seconds
Number of updated asset objects reloaded before import = 0
Number of asset objects unloaded after import = 3
========================================================================
Received Import Request.
  Time since last request: 0.000015 seconds.
  path: Assets/Resource/UI/Flat Icons [Free]/Free Flat Move In_1 Icon.png
  artifactKey: Guid(033336c308c8eb048a200b88b4c9012f) Importer(815301076,1909f56bfc062723c751e8b465ee728b)
Start importing Assets/Resource/UI/Flat Icons [Free]/Free Flat Move In_1 Icon.png using Guid(033336c308c8eb048a200b88b4c9012f) Importer(815301076,1909f56bfc062723c751e8b465ee728b)  -> (artifact id: '73d291e981b75d096f268392a26f54b9') in 0.033767 seconds
Number of updated asset objects reloaded before import = 0
Number of asset objects unloaded after import = 3
========================================================================
Received Import Request.
  Time since last request: 0.186451 seconds.
  path: Assets/Resource/UI/Flat Icons [Free]/Free Flat Music No Dash Icon.png
  artifactKey: Guid(68398e08cb2ba1d419e4d40d1cbf9249) Importer(815301076,1909f56bfc062723c751e8b465ee728b)
Start importing Assets/Resource/UI/Flat Icons [Free]/Free Flat Music No Dash Icon.png using Guid(68398e08cb2ba1d419e4d40d1cbf9249) Importer(815301076,1909f56bfc062723c751e8b465ee728b)  -> (artifact id: 'c84d1a3bd03e30f296e77727c5f6db88') in 0.027929 seconds
Number of updated asset objects reloaded before import = 0
Number of asset objects unloaded after import = 3
========================================================================
Received Import Request.
  Time since last request: 0.000014 seconds.
  path: Assets/Resource/UI/Flat Icons [Free]/Free Flat Pen Icon.png
  artifactKey: Guid(705f0467455c3f0479897da07daeb0be) Importer(815301076,1909f56bfc062723c751e8b465ee728b)
Start importing Assets/Resource/UI/Flat Icons [Free]/Free Flat Pen Icon.png using Guid(705f0467455c3f0479897da07daeb0be) Importer(815301076,1909f56bfc062723c751e8b465ee728b)  -> (artifact id: 'd14c3f1e6b135710d02de62ced787798') in 0.029683 seconds
Number of updated asset objects reloaded before import = 0
Number of asset objects unloaded after import = 3
========================================================================
Received Import Request.
  Time since last request: 0.000017 seconds.
  path: Assets/Resource/UI/Flat Icons [Free]/Free Flat Music No Icon.png
  artifactKey: Guid(a631e872ceb8c434ead7ead22b772b24) Importer(815301076,1909f56bfc062723c751e8b465ee728b)
Start importing Assets/Resource/UI/Flat Icons [Free]/Free Flat Music No Icon.png using Guid(a631e872ceb8c434ead7ead22b772b24) Importer(815301076,1909f56bfc062723c751e8b465ee728b)  -> (artifact id: 'f1391c5b033bcde9a741157c7963d1b5') in 0.029992 seconds
Number of updated asset objects reloaded before import = 0
Number of asset objects unloaded after import = 3
========================================================================
Received Import Request.
  Time since last request: 0.000018 seconds.
  path: Assets/Resource/UI/Flat Icons [Free]/Free Flat People 2 Icon.png
  artifactKey: Guid(c2b97174e9f46424eae9d83a5ca15158) Importer(815301076,1909f56bfc062723c751e8b465ee728b)
Start importing Assets/Resource/UI/Flat Icons [Free]/Free Flat People 2 Icon.png using Guid(c2b97174e9f46424eae9d83a5ca15158) Importer(815301076,1909f56bfc062723c751e8b465ee728b)  -> (artifact id: '8b17890b60b98c15287372c0daa34b55') in 0.026880 seconds
Number of updated asset objects reloaded before import = 0
Number of asset objects unloaded after import = 3
========================================================================
Received Import Request.
  Time since last request: 181.430287 seconds.
  path: Assets/Resource/UI/Flat Icons [Free]/Free Flat Signal Up 0 Icon.png
  artifactKey: Guid(a7244b18d2f1b32478166258108232f0) Importer(815301076,1909f56bfc062723c751e8b465ee728b)
Start importing Assets/Resource/UI/Flat Icons [Free]/Free Flat Signal Up 0 Icon.png using Guid(a7244b18d2f1b32478166258108232f0) Importer(815301076,1909f56bfc062723c751e8b465ee728b)  -> (artifact id: '0a5b19cf77b99d41c38f7721d0ba3d0e') in 0.195728 seconds
Number of updated asset objects reloaded before import = 0
Number of asset objects unloaded after import = 3
========================================================================
Received Import Request.
  Time since last request: 0.000027 seconds.
  path: Assets/Resource/UI/Flat Icons [Free]/Free Flat Signal Up Off Icon.png
  artifactKey: Guid(b626bfb4f029b8e49841dbd66431319f) Importer(815301076,1909f56bfc062723c751e8b465ee728b)
Start importing Assets/Resource/UI/Flat Icons [Free]/Free Flat Signal Up Off Icon.png using Guid(b626bfb4f029b8e49841dbd66431319f) Importer(815301076,1909f56bfc062723c751e8b465ee728b)  -> (artifact id: '46c1855a8a28d2bffbeb4df04ebfc60e') in 0.083779 seconds
Number of updated asset objects reloaded before import = 0
Number of asset objects unloaded after import = 3
========================================================================
Received Import Request.
  Time since last request: 0.000019 seconds.
  path: Assets/Resource/UI/Flat Icons [Free]/Free Flat Signal Up 011 Icon.png
  artifactKey: Guid(bbcbf804e83d1bd4ea93dbd6d941636e) Importer(815301076,1909f56bfc062723c751e8b465ee728b)
Start importing Assets/Resource/UI/Flat Icons [Free]/Free Flat Signal Up 011 Icon.png using Guid(bbcbf804e83d1bd4ea93dbd6d941636e) Importer(815301076,1909f56bfc062723c751e8b465ee728b)  -> (artifact id: 'c6c96b01d4e3044a66a9c4621d4c0657') in 0.028177 seconds
Number of updated asset objects reloaded before import = 0
Number of asset objects unloaded after import = 3
========================================================================
Received Import Request.
  Time since last request: 0.000018 seconds.
  path: Assets/Resource/UI/Flat Icons [Free]/Free Flat Toggle Left Icon.png
  artifactKey: Guid(fdff4e51aa5b6a64287fb2f9a0b10bc0) Importer(815301076,1909f56bfc062723c751e8b465ee728b)
Start importing Assets/Resource/UI/Flat Icons [Free]/Free Flat Toggle Left Icon.png using Guid(fdff4e51aa5b6a64287fb2f9a0b10bc0) Importer(815301076,1909f56bfc062723c751e8b465ee728b)  -> (artifact id: '42271379fb3a448bfb2db2924b82fa04') in 0.030729 seconds
Number of updated asset objects reloaded before import = 0
Number of asset objects unloaded after import = 3
========================================================================
Received Import Request.
  Time since last request: 0.000015 seconds.
  path: Assets/Resource/UI/Flat Icons [Free]/Free Flat Star Empty Icon.png
  artifactKey: Guid(694f5b86dbe494b4d9a8edeee57acfd4) Importer(815301076,1909f56bfc062723c751e8b465ee728b)
Start importing Assets/Resource/UI/Flat Icons [Free]/Free Flat Star Empty Icon.png using Guid(694f5b86dbe494b4d9a8edeee57acfd4) Importer(815301076,1909f56bfc062723c751e8b465ee728b)  -> (artifact id: 'd2ff902b3c73970662bf629788b31867') in 0.026901 seconds
Number of updated asset objects reloaded before import = 0
Number of asset objects unloaded after import = 3
========================================================================
Received Import Request.
  Time since last request: 0.000016 seconds.
  path: Assets/Resource/UI/Flat Icons [Free]/Free Flat Toggle Thumb Left Icon.png
  artifactKey: Guid(98d066211bdac204cb692c7ac53e012d) Importer(815301076,1909f56bfc062723c751e8b465ee728b)
Start importing Assets/Resource/UI/Flat Icons [Free]/Free Flat Toggle Thumb Left Icon.png using Guid(98d066211bdac204cb692c7ac53e012d) Importer(815301076,1909f56bfc062723c751e8b465ee728b)  -> (artifact id: '9738b21a70bba0c44129be62aed77122') in 0.030284 seconds
Number of updated asset objects reloaded before import = 0
Number of asset objects unloaded after import = 3
========================================================================
Received Import Request.
  Time since last request: 0.000023 seconds.
  path: Assets/Resource/UI/Flat Icons [Free]/Free Flat Toggle Centre Icon.png
  artifactKey: Guid(da098e9c51c4f7d42bd00970713bfc95) Importer(815301076,1909f56bfc062723c751e8b465ee728b)
Start importing Assets/Resource/UI/Flat Icons [Free]/Free Flat Toggle Centre Icon.png using Guid(da098e9c51c4f7d42bd00970713bfc95) Importer(815301076,1909f56bfc062723c751e8b465ee728b)  -> (artifact id: '0f63ebee1455763708c243d0a78a5eda') in 0.030227 seconds
Number of updated asset objects reloaded before import = 0
Number of asset objects unloaded after import = 3
========================================================================
Received Import Request.
  Time since last request: 0.000024 seconds.
  path: Assets/Resource/UI/Flat Icons [Free]/Free Flat Thumbs Down Icon.png
  artifactKey: Guid(44f10997f36483b40926d06c92414351) Importer(815301076,1909f56bfc062723c751e8b465ee728b)
Start importing Assets/Resource/UI/Flat Icons [Free]/Free Flat Thumbs Down Icon.png using Guid(44f10997f36483b40926d06c92414351) Importer(815301076,1909f56bfc062723c751e8b465ee728b)  -> (artifact id: '2b6d0472dc1c369f806b4da76a8bf4fc') in 0.030760 seconds
Number of updated asset objects reloaded before import = 0
Number of asset objects unloaded after import = 3
========================================================================
Received Import Request.
  Time since last request: 0.000039 seconds.
  path: Assets/Resource/UI/Flat Icons [Free]/Free Flat Toggle Thumb Centre Icon.png
  artifactKey: Guid(5ca38f46fb0ec0842bb1308f91141f57) Importer(815301076,1909f56bfc062723c751e8b465ee728b)
Start importing Assets/Resource/UI/Flat Icons [Free]/Free Flat Toggle Thumb Centre Icon.png using Guid(5ca38f46fb0ec0842bb1308f91141f57) Importer(815301076,1909f56bfc062723c751e8b465ee728b)  -> (artifact id: '1dbb723280a9f0a3efc9666841e5d76d') in 0.028394 seconds
Number of updated asset objects reloaded before import = 0
Number of asset objects unloaded after import = 3
========================================================================
Received Import Request.
  Time since last request: 0.000022 seconds.
  path: Assets/Resource/UI/Flat Icons [Free]/Free Flat Thumbs Up Icon.png
  artifactKey: Guid(a38d763eb32ea12439af1cd4b07db735) Importer(815301076,1909f56bfc062723c751e8b465ee728b)
Start importing Assets/Resource/UI/Flat Icons [Free]/Free Flat Thumbs Up Icon.png using Guid(a38d763eb32ea12439af1cd4b07db735) Importer(815301076,1909f56bfc062723c751e8b465ee728b)  -> (artifact id: '12181df2d93538bf4b6e93882dc98b2b') in 0.026566 seconds
Number of updated asset objects reloaded before import = 0
Number of asset objects unloaded after import = 3
========================================================================
Received Import Request.
  Time since last request: 0.000022 seconds.
  path: Assets/Resource/UI/Flat Icons [Free]/Free Flat Toggle Cage Icon.png
  artifactKey: Guid(c94014c28c49aed4ab93b4d5bedad6a5) Importer(815301076,1909f56bfc062723c751e8b465ee728b)
Start importing Assets/Resource/UI/Flat Icons [Free]/Free Flat Toggle Cage Icon.png using Guid(c94014c28c49aed4ab93b4d5bedad6a5) Importer(815301076,1909f56bfc062723c751e8b465ee728b)  -> (artifact id: '90ea7fa29b6a264dca28da1023d52588') in 0.028097 seconds
Number of updated asset objects reloaded before import = 0
Number of asset objects unloaded after import = 3
========================================================================
Received Import Request.
  Time since last request: 0.353268 seconds.
  path: Assets/Resource/UI/Flat Icons [Free]/Free Flat Volume 0 Icon.png
  artifactKey: Guid(f339c25a4bc8a7642bdf4d4d8194ec18) Importer(815301076,1909f56bfc062723c751e8b465ee728b)
Start importing Assets/Resource/UI/Flat Icons [Free]/Free Flat Volume 0 Icon.png using Guid(f339c25a4bc8a7642bdf4d4d8194ec18) Importer(815301076,1909f56bfc062723c751e8b465ee728b)  -> (artifact id: 'd2ed901c9db145964ed84ed043826679') in 0.026335 seconds
Number of updated asset objects reloaded before import = 0
Number of asset objects unloaded after import = 3
========================================================================
Received Import Request.
  Time since last request: 0.000061 seconds.
  path: Assets/Resource/UI/Flat Icons [Free]/Free Flat Volume 2 Icon.png
  artifactKey: Guid(4ce0634a6bcefab4c8b2dd9468b7a46a) Importer(815301076,1909f56bfc062723c751e8b465ee728b)
Start importing Assets/Resource/UI/Flat Icons [Free]/Free Flat Volume 2 Icon.png using Guid(4ce0634a6bcefab4c8b2dd9468b7a46a) Importer(815301076,1909f56bfc062723c751e8b465ee728b)  -> (artifact id: '52fe127c74468387b053c4fa3ad3f8df') in 0.025983 seconds
Number of updated asset objects reloaded before import = 0
Number of asset objects unloaded after import = 3
========================================================================
Received Import Request.
  Time since last request: 0.000015 seconds.
  path: Assets/Resource/UI/Flat Icons [Free]/Free Flat Volume 1 Icon.png
  artifactKey: Guid(91661b7a5626fa54286d4c18c95d7d00) Importer(815301076,1909f56bfc062723c751e8b465ee728b)
Start importing Assets/Resource/UI/Flat Icons [Free]/Free Flat Volume 1 Icon.png using Guid(91661b7a5626fa54286d4c18c95d7d00) Importer(815301076,1909f56bfc062723c751e8b465ee728b)  -> (artifact id: '8b8347f2a2b3aadf525a41b54b509db6') in 0.029140 seconds
Number of updated asset objects reloaded before import = 0
Number of asset objects unloaded after import = 3
Editor requested this worker to shutdown with reason: Scaling down because of idle timeout
TcpMessagingSession - receive error: operation aborted. errorcode: 995, details:        I/O  .
AssetImportWorker is now disconnected from the server
Process exiting
Exiting without the bug reporter. Application will terminate with return code 0